<?xml version="1.0" encoding="UTF-8"?>
<coverage generated="1697676671309" clover="3.2.0">
  <project timestamp="1697676671309" name="All files">
    <metrics statements="145" coveredstatements="119" conditionals="58" coveredconditionals="48" methods="73" coveredmethods="56" elements="276" coveredelements="223" complexity="0" loc="145" ncloc="145" packages="3" files="12" classes="12"/>
    <package name="src">
      <metrics statements="3" coveredstatements="2" conditionals="4" coveredconditionals="2" methods="2" coveredmethods="1"/>
      <file name="App.tsx" path="C:\Users\avide\Documents\School Code\CISC 275\quiz-application\src\App.tsx">
        <metrics statements="3" coveredstatements="2" conditionals="4" coveredconditionals="2" methods="2" coveredmethods="1"/>
        <line num="8" count="1" type="stmt"/>
        <line num="10" count="1" type="stmt"/>
        <line num="16" count="0" type="stmt"/>
      </file>
    </package>
    <package name="src.interfaces">
      <metrics statements="0" coveredstatements="0" conditionals="0" coveredconditionals="0" methods="0" coveredmethods="0"/>
      <file name="question.ts" path="C:\Users\avide\Documents\School Code\CISC 275\quiz-application\src\interfaces\question.ts">
        <metrics statements="0" coveredstatements="0" conditionals="0" coveredconditionals="0" methods="0" coveredmethods="0"/>
      </file>
      <file name="quiz.ts" path="C:\Users\avide\Documents\School Code\CISC 275\quiz-application\src\interfaces\quiz.ts">
        <metrics statements="0" coveredstatements="0" conditionals="0" coveredconditionals="0" methods="0" coveredmethods="0"/>
      </file>
    </package>
    <package name="src.quizzer">
      <metrics statements="142" coveredstatements="117" conditionals="54" coveredconditionals="46" methods="71" coveredmethods="55"/>
      <file name="AddQuizModal.tsx" path="C:\Users\avide\Documents\School Code\CISC 275\quiz-application\src\quizzer\AddQuizModal.tsx">
        <metrics statements="14" coveredstatements="9" conditionals="0" coveredconditionals="0" methods="5" coveredmethods="2"/>
        <line num="10" count="2" type="stmt"/>
        <line num="15" count="32" type="stmt"/>
        <line num="16" count="32" type="stmt"/>
        <line num="18" count="32" type="stmt"/>
        <line num="19" count="1" type="stmt"/>
        <line num="20" count="1" type="stmt"/>
        <line num="21" count="1" type="stmt"/>
        <line num="22" count="1" type="stmt"/>
        <line num="25" count="32" type="stmt"/>
        <line num="38" count="0" type="stmt"/>
        <line num="46" count="0" type="stmt"/>
        <line num="54" count="0" type="stmt"/>
        <line num="55" count="0" type="stmt"/>
        <line num="56" count="0" type="stmt"/>
      </file>
      <file name="QuestionEdit.tsx" path="C:\Users\avide\Documents\School Code\CISC 275\quiz-application\src\quizzer\QuestionEdit.tsx">
        <metrics statements="30" coveredstatements="14" conditionals="12" coveredconditionals="8" methods="15" coveredmethods="6"/>
        <line num="17" count="2" type="stmt"/>
        <line num="25" count="54" type="stmt"/>
        <line num="26" count="53" type="stmt"/>
        <line num="29" count="54" type="stmt"/>
        <line num="30" count="0" type="stmt"/>
        <line num="32" count="0" type="cond" truecount="0" falsecount="2"/>
        <line num="33" count="0" type="stmt"/>
        <line num="41" count="54" type="stmt"/>
        <line num="42" count="1" type="stmt"/>
        <line num="43" count="1" type="stmt"/>
        <line num="51" count="54" type="stmt"/>
        <line num="52" count="0" type="stmt"/>
        <line num="53" count="0" type="stmt"/>
        <line num="56" count="54" type="stmt"/>
        <line num="60" count="0" type="stmt"/>
        <line num="61" count="0" type="stmt"/>
        <line num="62" count="0" type="stmt"/>
        <line num="69" count="54" type="stmt"/>
        <line num="70" count="0" type="stmt"/>
        <line num="71" count="0" type="stmt"/>
        <line num="72" count="0" type="stmt"/>
        <line num="80" count="54" type="stmt"/>
        <line num="97" count="0" type="stmt"/>
        <line num="170" count="0" type="stmt"/>
        <line num="183" count="81" type="stmt"/>
        <line num="204" count="0" type="stmt"/>
        <line num="222" count="2" type="stmt"/>
        <line num="231" count="0" type="stmt"/>
        <line num="247" count="1" type="stmt"/>
        <line num="256" count="0" type="stmt"/>
      </file>
      <file name="QuizCard.tsx" path="C:\Users\avide\Documents\School Code\CISC 275\quiz-application\src\quizzer\QuizCard.tsx">
        <metrics statements="5" coveredstatements="5" conditionals="5" coveredconditionals="4" methods="3" coveredmethods="3"/>
        <line num="12" count="2" type="stmt"/>
        <line num="16" count="90" type="stmt"/>
        <line num="18" count="356" type="cond" truecount="3" falsecount="0"/>
        <line num="21" count="90" type="stmt"/>
        <line num="27" count="10" type="stmt"/>
      </file>
      <file name="QuizEdit.tsx" path="C:\Users\avide\Documents\School Code\CISC 275\quiz-application\src\quizzer\QuizEdit.tsx">
        <metrics statements="28" coveredstatements="24" conditionals="6" coveredconditionals="6" methods="15" coveredmethods="11"/>
        <line num="17" count="2" type="stmt"/>
        <line num="24" count="13" type="stmt"/>
        <line num="26" count="13" type="stmt"/>
        <line num="27" count="2" type="stmt"/>
        <line num="30" count="8" type="cond" truecount="2" falsecount="0"/>
        <line num="34" count="13" type="stmt"/>
        <line num="35" count="0" type="stmt"/>
        <line num="38" count="0" type="stmt"/>
        <line num="42" count="13" type="stmt"/>
        <line num="43" count="5" type="stmt"/>
        <line num="44" count="5" type="stmt"/>
        <line num="45" count="5" type="stmt"/>
        <line num="46" count="5" type="stmt"/>
        <line num="49" count="13" type="stmt"/>
        <line num="50" count="2" type="stmt"/>
        <line num="54" count="8" type="cond" truecount="2" falsecount="0"/>
        <line num="55" count="6" type="cond" truecount="2" falsecount="0"/>
        <line num="56" count="4" type="stmt"/>
        <line num="62" count="13" type="stmt"/>
        <line num="74" count="0" type="stmt"/>
        <line num="91" count="2" type="stmt"/>
        <line num="104" count="0" type="stmt"/>
        <line num="112" count="54" type="stmt"/>
        <line num="128" count="1" type="stmt"/>
        <line num="154" count="5" type="stmt"/>
        <line num="155" count="5" type="stmt"/>
        <line num="167" count="1" type="stmt"/>
        <line num="168" count="1" type="stmt"/>
      </file>
      <file name="QuizExpanded.tsx" path="C:\Users\avide\Documents\School Code\CISC 275\quiz-application\src\quizzer\QuizExpanded.tsx">
        <metrics statements="25" coveredstatements="25" conditionals="7" coveredconditionals="6" methods="12" coveredmethods="12"/>
        <line num="18" count="2" type="stmt"/>
        <line num="24" count="20" type="stmt"/>
        <line num="26" count="81" type="cond" truecount="3" falsecount="0"/>
        <line num="29" count="20" type="stmt"/>
        <line num="30" count="20" type="stmt"/>
        <line num="34" count="20" type="stmt"/>
        <line num="35" count="2" type="stmt"/>
        <line num="36" count="2" type="stmt"/>
        <line num="37" count="2" type="stmt"/>
        <line num="40" count="20" type="stmt"/>
        <line num="41" count="46" type="stmt"/>
        <line num="45" count="20" type="stmt"/>
        <line num="46" count="2" type="stmt"/>
        <line num="49" count="20" type="stmt"/>
        <line num="50" count="7" type="stmt"/>
        <line num="51" count="7" type="stmt"/>
        <line num="54" count="28" type="stmt"/>
        <line num="58" count="7" type="stmt"/>
        <line num="61" count="20" type="stmt"/>
        <line num="62" count="2" type="stmt"/>
        <line num="65" count="8" type="cond" truecount="2" falsecount="0"/>
        <line num="69" count="20" type="stmt"/>
        <line num="84" count="6" type="stmt"/>
        <line num="85" count="6" type="stmt"/>
        <line num="101" count="46" type="stmt"/>
      </file>
      <file name="QuizList.tsx" path="C:\Users\avide\Documents\School Code\CISC 275\quiz-application\src\quizzer\QuizList.tsx">
        <metrics statements="11" coveredstatements="11" conditionals="4" coveredconditionals="4" methods="5" coveredmethods="5"/>
        <line num="15" count="2" type="stmt"/>
        <line num="21" count="42" type="stmt"/>
        <line num="23" count="42" type="stmt"/>
        <line num="24" count="10" type="stmt"/>
        <line num="27" count="42" type="stmt"/>
        <line num="28" count="1" type="stmt"/>
        <line num="31" count="42" type="stmt"/>
        <line num="36" count="90" type="stmt"/>
        <line num="48" count="210" type="cond" truecount="2" falsecount="0"/>
        <line num="49" count="24" type="stmt"/>
        <line num="59" count="186" type="stmt"/>
      </file>
      <file name="QuizQuestion.tsx" path="C:\Users\avide\Documents\School Code\CISC 275\quiz-application\src\quizzer\QuizQuestion.tsx">
        <metrics statements="10" coveredstatements="10" conditionals="14" coveredconditionals="12" methods="4" coveredmethods="4"/>
        <line num="17" count="2" type="stmt"/>
        <line num="25" count="46" type="stmt"/>
        <line num="26" count="2" type="cond" truecount="1" falsecount="1"/>
        <line num="27" count="2" type="stmt"/>
        <line num="31" count="46" type="stmt"/>
        <line num="32" count="2" type="stmt"/>
        <line num="33" count="2" type="cond" truecount="1" falsecount="1"/>
        <line num="34" count="2" type="stmt"/>
        <line num="38" count="46" type="stmt"/>
        <line num="64" count="72" type="stmt"/>
      </file>
      <file name="QuizView.tsx" path="C:\Users\avide\Documents\School Code\CISC 275\quiz-application\src\quizzer\QuizView.tsx">
        <metrics statements="5" coveredstatements="5" conditionals="4" coveredconditionals="4" methods="2" coveredmethods="2"/>
        <line num="15" count="2" type="stmt"/>
        <line num="21" count="24" type="stmt"/>
        <line num="23" count="24" type="stmt"/>
        <line num="24" count="11" type="stmt"/>
        <line num="27" count="24" type="stmt"/>
      </file>
      <file name="Quizzer.tsx" path="C:\Users\avide\Documents\School Code\CISC 275\quiz-application\src\quizzer\Quizzer.tsx">
        <metrics statements="14" coveredstatements="14" conditionals="2" coveredconditionals="2" methods="10" coveredmethods="10"/>
        <line num="10" count="2" type="stmt"/>
        <line num="11" count="10" type="stmt"/>
        <line num="14" count="40" type="stmt"/>
        <line num="23" count="2" type="stmt"/>
        <line num="24" count="33" type="stmt"/>
        <line num="25" count="32" type="stmt"/>
        <line num="28" count="14" type="stmt"/>
        <line num="29" count="70" type="cond" truecount="2" falsecount="0"/>
        <line num="34" count="1" type="stmt"/>
        <line num="35" count="1" type="stmt"/>
        <line num="39" count="5" type="stmt"/>
        <line num="42" count="32" type="stmt"/>
        <line num="43" count="32" type="stmt"/>
        <line num="45" count="32" type="stmt"/>
      </file>
    </package>
  </project>
</coverage>
