{"C:\\Users\\avide\\Documents\\School Code\\CISC 275\\quiz-application\\src\\App.tsx": {"path":"C:\\Users\\avide\\Documents\\School Code\\CISC 275\\quiz-application\\src\\App.tsx","statementMap":{"0":{"start":{"line":8,"column":34},"end":{"line":8,"column":57}},"1":{"start":{"line":10,"column":4},"end":{"line":26,"column":6}},"2":{"start":{"line":16,"column":24},"end":{"line":16,"column":45}}},"fnMap":{"0":{"name":"App","decl":{"start":{"line":7,"column":9},"end":{"line":7,"column":12}},"loc":{"start":{"line":7,"column":28},"end":{"line":27,"column":1}},"line":7},"1":{"name":"(anonymous_1)","decl":{"start":{"line":15,"column":29},"end":{"line":15,"column":30}},"loc":{"start":{"line":15,"column":35},"end":{"line":17,"column":21}},"line":15}},"branchMap":{"0":{"loc":{"start":{"line":19,"column":21},"end":{"line":19,"column":50}},"type":"cond-expr","locations":[{"start":{"line":19,"column":31},"end":{"line":19,"column":40}},{"start":{"line":19,"column":43},"end":{"line":19,"column":50}}],"line":19},"1":{"loc":{"start":{"line":22,"column":35},"end":{"line":22,"column":61}},"type":"cond-expr","locations":[{"start":{"line":22,"column":45},"end":{"line":22,"column":52}},{"start":{"line":22,"column":55},"end":{"line":22,"column":61}}],"line":22}},"s":{"0":1,"1":1,"2":0},"f":{"0":1,"1":0},"b":{"0":[1,0],"1":[1,0]},"_coverageSchema":"1a1c01bbd47fc00a2c39e90264f33305004495a9","hash":"5c48fc9fba37151e5287576146bf5641e7e5b2e0"}
,"C:\\Users\\avide\\Documents\\School Code\\CISC 275\\quiz-application\\src\\interfaces\\question.ts": {"path":"C:\\Users\\avide\\Documents\\School Code\\CISC 275\\quiz-application\\src\\interfaces\\question.ts","statementMap":{},"fnMap":{},"branchMap":{},"s":{},"f":{},"b":{}}
,"C:\\Users\\avide\\Documents\\School Code\\CISC 275\\quiz-application\\src\\interfaces\\quiz.ts": {"path":"C:\\Users\\avide\\Documents\\School Code\\CISC 275\\quiz-application\\src\\interfaces\\quiz.ts","statementMap":{},"fnMap":{},"branchMap":{},"s":{},"f":{},"b":{}}
,"C:\\Users\\avide\\Documents\\School Code\\CISC 275\\quiz-application\\src\\quizzer\\AddQuizModal.tsx": {"path":"C:\\Users\\avide\\Documents\\School Code\\CISC 275\\quiz-application\\src\\quizzer\\AddQuizModal.tsx","statementMap":{"0":{"start":{"line":10,"column":28},"end":{"line":68,"column":1}},"1":{"start":{"line":15,"column":30},"end":{"line":15,"column":62}},"2":{"start":{"line":16,"column":28},"end":{"line":16,"column":67}},"3":{"start":{"line":18,"column":24},"end":{"line":23,"column":5}},"4":{"start":{"line":19,"column":8},"end":{"line":19,"column":29}},"5":{"start":{"line":20,"column":8},"end":{"line":20,"column":33}},"6":{"start":{"line":21,"column":8},"end":{"line":21,"column":39}},"7":{"start":{"line":22,"column":8},"end":{"line":22,"column":22}},"8":{"start":{"line":25,"column":4},"end":{"line":67,"column":6}},"9":{"start":{"line":38,"column":33},"end":{"line":38,"column":57}},"10":{"start":{"line":46,"column":37},"end":{"line":46,"column":60}},"11":{"start":{"line":54,"column":28},"end":{"line":54,"column":53}},"12":{"start":{"line":55,"column":28},"end":{"line":55,"column":59}},"13":{"start":{"line":56,"column":28},"end":{"line":56,"column":42}}},"fnMap":{"0":{"name":"(anonymous_0)","decl":{"start":{"line":10,"column":28},"end":{"line":10,"column":29}},"loc":{"start":{"line":14,"column":25},"end":{"line":68,"column":1}},"line":14},"1":{"name":"(anonymous_1)","decl":{"start":{"line":18,"column":24},"end":{"line":18,"column":25}},"loc":{"start":{"line":18,"column":30},"end":{"line":23,"column":5}},"line":18},"2":{"name":"(anonymous_2)","decl":{"start":{"line":36,"column":38},"end":{"line":36,"column":39}},"loc":{"start":{"line":38,"column":33},"end":{"line":38,"column":57}},"line":38},"3":{"name":"(anonymous_3)","decl":{"start":{"line":45,"column":38},"end":{"line":45,"column":39}},"loc":{"start":{"line":46,"column":37},"end":{"line":46,"column":60}},"line":46},"4":{"name":"(anonymous_4)","decl":{"start":{"line":53,"column":33},"end":{"line":53,"column":34}},"loc":{"start":{"line":53,"column":39},"end":{"line":57,"column":25}},"line":53}},"branchMap":{},"s":{"0":2,"1":26,"2":26,"3":26,"4":1,"5":1,"6":1,"7":1,"8":26,"9":0,"10":0,"11":0,"12":0,"13":0},"f":{"0":26,"1":1,"2":0,"3":0,"4":0},"b":{},"_coverageSchema":"1a1c01bbd47fc00a2c39e90264f33305004495a9","hash":"f06d8390b05fa9c3602509c7377fea416220e92a"}
,"C:\\Users\\avide\\Documents\\School Code\\CISC 275\\quiz-application\\src\\quizzer\\QuestionEdit.tsx": {"path":"C:\\Users\\avide\\Documents\\School Code\\CISC 275\\quiz-application\\src\\quizzer\\QuestionEdit.tsx","statementMap":{"0":{"start":{"line":16,"column":28},"end":{"line":264,"column":1}},"1":{"start":{"line":24,"column":19},"end":{"line":26,"column":5}},"2":{"start":{"line":25,"column":50},"end":{"line":25,"column":73}},"3":{"start":{"line":28,"column":29},"end":{"line":38,"column":5}},"4":{"start":{"line":29,"column":8},"end":{"line":29,"column":13}},"5":{"start":{"line":31,"column":12},"end":{"line":31,"column":71}},"6":{"start":{"line":32,"column":8},"end":{"line":37,"column":11}},"7":{"start":{"line":40,"column":24},"end":{"line":48,"column":5}},"8":{"start":{"line":41,"column":8},"end":{"line":41,"column":13}},"9":{"start":{"line":42,"column":8},"end":{"line":47,"column":11}},"10":{"start":{"line":50,"column":25},"end":{"line":53,"column":5}},"11":{"start":{"line":51,"column":5},"end":{"line":51,"column":47}},"12":{"start":{"line":52,"column":8},"end":{"line":52,"column":44}},"13":{"start":{"line":55,"column":31},"end":{"line":66,"column":5}},"14":{"start":{"line":59,"column":27},"end":{"line":59,"column":48}},"15":{"start":{"line":60,"column":8},"end":{"line":60,"column":48}},"16":{"start":{"line":61,"column":8},"end":{"line":65,"column":11}},"17":{"start":{"line":68,"column":30},"end":{"line":75,"column":5}},"18":{"start":{"line":69,"column":20},"end":{"line":69,"column":44}},"19":{"start":{"line":70,"column":8},"end":{"line":70,"column":15}},"20":{"start":{"line":71,"column":8},"end":{"line":74,"column":11}},"21":{"start":{"line":79,"column":4},"end":{"line":263,"column":6}},"22":{"start":{"line":96,"column":36},"end":{"line":99,"column":39}},"23":{"start":{"line":169,"column":44},"end":{"line":172,"column":47}},"24":{"start":{"line":182,"column":44},"end":{"line":209,"column":50}},"25":{"start":{"line":203,"column":56},"end":{"line":206,"column":58}},"26":{"start":{"line":221,"column":32},"end":{"line":221,"column":63}},"27":{"start":{"line":230,"column":32},"end":{"line":230,"column":63}},"28":{"start":{"line":246,"column":28},"end":{"line":249,"column":31}},"29":{"start":{"line":255,"column":28},"end":{"line":255,"column":56}}},"fnMap":{"0":{"name":"(anonymous_0)","decl":{"start":{"line":16,"column":28},"end":{"line":16,"column":29}},"loc":{"start":{"line":23,"column":25},"end":{"line":264,"column":1}},"line":23},"1":{"name":"(anonymous_1)","decl":{"start":{"line":25,"column":35},"end":{"line":25,"column":36}},"loc":{"start":{"line":25,"column":50},"end":{"line":25,"column":73}},"line":25},"2":{"name":"(anonymous_2)","decl":{"start":{"line":28,"column":29},"end":{"line":28,"column":30}},"loc":{"start":{"line":28,"column":73},"end":{"line":38,"column":5}},"line":28},"3":{"name":"(anonymous_3)","decl":{"start":{"line":40,"column":24},"end":{"line":40,"column":25}},"loc":{"start":{"line":40,"column":30},"end":{"line":48,"column":5}},"line":40},"4":{"name":"(anonymous_4)","decl":{"start":{"line":50,"column":25},"end":{"line":50,"column":26}},"loc":{"start":{"line":50,"column":69},"end":{"line":53,"column":5}},"line":50},"5":{"name":"(anonymous_5)","decl":{"start":{"line":55,"column":31},"end":{"line":55,"column":32}},"loc":{"start":{"line":58,"column":9},"end":{"line":66,"column":5}},"line":58},"6":{"name":"(anonymous_6)","decl":{"start":{"line":68,"column":30},"end":{"line":68,"column":31}},"loc":{"start":{"line":68,"column":74},"end":{"line":75,"column":5}},"line":68},"7":{"name":"(anonymous_7)","decl":{"start":{"line":93,"column":42},"end":{"line":93,"column":43}},"loc":{"start":{"line":95,"column":37},"end":{"line":100,"column":33}},"line":95},"8":{"name":"(anonymous_8)","decl":{"start":{"line":166,"column":50},"end":{"line":166,"column":51}},"loc":{"start":{"line":168,"column":45},"end":{"line":173,"column":41}},"line":168},"9":{"name":"(anonymous_9)","decl":{"start":{"line":181,"column":40},"end":{"line":181,"column":41}},"loc":{"start":{"line":182,"column":44},"end":{"line":209,"column":50}},"line":182},"10":{"name":"(anonymous_10)","decl":{"start":{"line":200,"column":62},"end":{"line":200,"column":63}},"loc":{"start":{"line":202,"column":57},"end":{"line":207,"column":53}},"line":202},"11":{"name":"(anonymous_11)","decl":{"start":{"line":220,"column":37},"end":{"line":220,"column":38}},"loc":{"start":{"line":220,"column":43},"end":{"line":222,"column":29}},"line":220},"12":{"name":"(anonymous_12)","decl":{"start":{"line":229,"column":37},"end":{"line":229,"column":38}},"loc":{"start":{"line":229,"column":43},"end":{"line":231,"column":29}},"line":229},"13":{"name":"(anonymous_13)","decl":{"start":{"line":245,"column":34},"end":{"line":245,"column":35}},"loc":{"start":{"line":245,"column":78},"end":{"line":250,"column":25}},"line":245},"14":{"name":"(anonymous_14)","decl":{"start":{"line":254,"column":33},"end":{"line":254,"column":34}},"loc":{"start":{"line":254,"column":39},"end":{"line":256,"column":25}},"line":254}},"branchMap":{"0":{"loc":{"start":{"line":31,"column":12},"end":{"line":31,"column":71}},"type":"cond-expr","locations":[{"start":{"line":31,"column":43},"end":{"line":31,"column":44}},{"start":{"line":31,"column":47},"end":{"line":31,"column":71}}],"line":31},"1":{"loc":{"start":{"line":64,"column":22},"end":{"line":64,"column":66}},"type":"cond-expr","locations":[{"start":{"line":64,"column":32},"end":{"line":64,"column":46}},{"start":{"line":64,"column":49},"end":{"line":64,"column":66}}],"line":64},"2":{"loc":{"start":{"line":115,"column":31},"end":{"line":115,"column":63}},"type":"cond-expr","locations":[{"start":{"line":115,"column":55},"end":{"line":115,"column":58}},{"start":{"line":115,"column":61},"end":{"line":115,"column":63}}],"line":115},"3":{"loc":{"start":{"line":146,"column":29},"end":{"line":158,"column":29}},"type":"binary-expr","locations":[{"start":{"line":146,"column":29},"end":{"line":146,"column":73}},{"start":{"line":147,"column":32},"end":{"line":157,"column":35}}],"line":146},"4":{"loc":{"start":{"line":161,"column":29},"end":{"line":176,"column":29}},"type":"binary-expr","locations":[{"start":{"line":161,"column":29},"end":{"line":161,"column":70}},{"start":{"line":162,"column":32},"end":{"line":175,"column":45}}],"line":161},"5":{"loc":{"start":{"line":177,"column":29},"end":{"line":213,"column":29}},"type":"binary-expr","locations":[{"start":{"line":177,"column":29},"end":{"line":177,"column":73}},{"start":{"line":178,"column":32},"end":{"line":212,"column":45}}],"line":177}},"s":{"0":2,"1":0,"2":0,"3":0,"4":0,"5":0,"6":0,"7":0,"8":0,"9":0,"10":0,"11":0,"12":0,"13":0,"14":0,"15":0,"16":0,"17":0,"18":0,"19":0,"20":0,"21":0,"22":0,"23":0,"24":0,"25":0,"26":0,"27":0,"28":0,"29":0},"f":{"0":0,"1":0,"2":0,"3":0,"4":0,"5":0,"6":0,"7":0,"8":0,"9":0,"10":0,"11":0,"12":0,"13":0,"14":0},"b":{"0":[0,0],"1":[0,0],"2":[0,0],"3":[0,0],"4":[0,0],"5":[0,0]},"_coverageSchema":"1a1c01bbd47fc00a2c39e90264f33305004495a9","hash":"2e2bd23ebb09749fb9442b70d42a36248780b554"}
,"C:\\Users\\avide\\Documents\\School Code\\CISC 275\\quiz-application\\src\\quizzer\\QuizCard.tsx": {"path":"C:\\Users\\avide\\Documents\\School Code\\CISC 275\\quiz-application\\src\\quizzer\\QuizCard.tsx","statementMap":{"0":{"start":{"line":12,"column":24},"end":{"line":40,"column":1}},"1":{"start":{"line":16,"column":30},"end":{"line":19,"column":5}},"2":{"start":{"line":18,"column":12},"end":{"line":18,"column":62}},"3":{"start":{"line":21,"column":4},"end":{"line":39,"column":6}},"4":{"start":{"line":27,"column":24},"end":{"line":27,"column":45}}},"fnMap":{"0":{"name":"(anonymous_0)","decl":{"start":{"line":12,"column":24},"end":{"line":12,"column":25}},"loc":{"start":{"line":15,"column":21},"end":{"line":40,"column":1}},"line":15},"1":{"name":"(anonymous_1)","decl":{"start":{"line":17,"column":8},"end":{"line":17,"column":9}},"loc":{"start":{"line":18,"column":12},"end":{"line":18,"column":62}},"line":18},"2":{"name":"(anonymous_2)","decl":{"start":{"line":26,"column":29},"end":{"line":26,"column":30}},"loc":{"start":{"line":26,"column":35},"end":{"line":28,"column":21}},"line":26}},"branchMap":{"0":{"loc":{"start":{"line":18,"column":12},"end":{"line":18,"column":62}},"type":"binary-expr","locations":[{"start":{"line":18,"column":13},"end":{"line":18,"column":27}},{"start":{"line":18,"column":31},"end":{"line":18,"column":42}},{"start":{"line":18,"column":47},"end":{"line":18,"column":62}}],"line":18},"1":{"loc":{"start":{"line":34,"column":21},"end":{"line":34,"column":62}},"type":"cond-expr","locations":[{"start":{"line":34,"column":54},"end":{"line":34,"column":57}},{"start":{"line":34,"column":60},"end":{"line":34,"column":62}}],"line":34}},"s":{"0":2,"1":86,"2":340,"3":86,"4":10},"f":{"0":86,"1":340,"2":10},"b":{"0":[340,289,153],"1":[86,0]},"_coverageSchema":"1a1c01bbd47fc00a2c39e90264f33305004495a9","hash":"f90e032c49b5bb5375725c0ee9c7a4ae7b510b98"}
,"C:\\Users\\avide\\Documents\\School Code\\CISC 275\\quiz-application\\src\\quizzer\\QuizEdit.tsx": {"path":"C:\\Users\\avide\\Documents\\School Code\\CISC 275\\quiz-application\\src\\quizzer\\QuizEdit.tsx","statementMap":{"0":{"start":{"line":17,"column":24},"end":{"line":177,"column":1}},"1":{"start":{"line":24,"column":34},"end":{"line":24,"column":61}},"2":{"start":{"line":26,"column":25},"end":{"line":32,"column":5}},"3":{"start":{"line":27,"column":8},"end":{"line":31,"column":11}},"4":{"start":{"line":30,"column":12},"end":{"line":30,"column":68}},"5":{"start":{"line":34,"column":27},"end":{"line":40,"column":5}},"6":{"start":{"line":35,"column":8},"end":{"line":39,"column":11}},"7":{"start":{"line":38,"column":12},"end":{"line":38,"column":38}},"8":{"start":{"line":42,"column":24},"end":{"line":47,"column":5}},"9":{"start":{"line":43,"column":24},"end":{"line":43,"column":30}},"10":{"start":{"line":44,"column":24},"end":{"line":44,"column":51}},"11":{"start":{"line":45,"column":8},"end":{"line":45,"column":27}},"12":{"start":{"line":46,"column":8},"end":{"line":46,"column":35}},"13":{"start":{"line":49,"column":25},"end":{"line":60,"column":5}},"14":{"start":{"line":50,"column":8},"end":{"line":59,"column":11}},"15":{"start":{"line":54,"column":20},"end":{"line":54,"column":72}},"16":{"start":{"line":54,"column":38},"end":{"line":54,"column":72}},"17":{"start":{"line":55,"column":20},"end":{"line":56,"column":33}},"18":{"start":{"line":55,"column":38},"end":{"line":55,"column":72}},"19":{"start":{"line":56,"column":25},"end":{"line":56,"column":33}},"20":{"start":{"line":62,"column":4},"end":{"line":176,"column":6}},"21":{"start":{"line":74,"column":36},"end":{"line":77,"column":38}},"22":{"start":{"line":91,"column":32},"end":{"line":94,"column":35}},"23":{"start":{"line":104,"column":28},"end":{"line":104,"column":76}},"24":{"start":{"line":112,"column":20},"end":{"line":120,"column":36}},"25":{"start":{"line":128,"column":24},"end":{"line":143,"column":27}},"26":{"start":{"line":154,"column":32},"end":{"line":154,"column":46}},"27":{"start":{"line":155,"column":32},"end":{"line":155,"column":45}},"28":{"start":{"line":167,"column":28},"end":{"line":167,"column":48}},"29":{"start":{"line":168,"column":28},"end":{"line":168,"column":40}}},"fnMap":{"0":{"name":"(anonymous_0)","decl":{"start":{"line":17,"column":24},"end":{"line":17,"column":25}},"loc":{"start":{"line":23,"column":21},"end":{"line":177,"column":1}},"line":23},"1":{"name":"(anonymous_1)","decl":{"start":{"line":26,"column":25},"end":{"line":26,"column":26}},"loc":{"start":{"line":26,"column":72},"end":{"line":32,"column":5}},"line":26},"2":{"name":"(anonymous_2)","decl":{"start":{"line":29,"column":51},"end":{"line":29,"column":52}},"loc":{"start":{"line":30,"column":12},"end":{"line":30,"column":68}},"line":30},"3":{"name":"(anonymous_3)","decl":{"start":{"line":34,"column":27},"end":{"line":34,"column":28}},"loc":{"start":{"line":34,"column":51},"end":{"line":40,"column":5}},"line":34},"4":{"name":"(anonymous_4)","decl":{"start":{"line":37,"column":54},"end":{"line":37,"column":55}},"loc":{"start":{"line":38,"column":12},"end":{"line":38,"column":38}},"line":38},"5":{"name":"(anonymous_5)","decl":{"start":{"line":42,"column":24},"end":{"line":42,"column":25}},"loc":{"start":{"line":42,"column":30},"end":{"line":47,"column":5}},"line":42},"6":{"name":"(anonymous_6)","decl":{"start":{"line":49,"column":25},"end":{"line":49,"column":26}},"loc":{"start":{"line":49,"column":57},"end":{"line":60,"column":5}},"line":49},"7":{"name":"(anonymous_7)","decl":{"start":{"line":53,"column":16},"end":{"line":53,"column":17}},"loc":{"start":{"line":53,"column":56},"end":{"line":57,"column":17}},"line":53},"8":{"name":"(anonymous_8)","decl":{"start":{"line":71,"column":42},"end":{"line":71,"column":43}},"loc":{"start":{"line":74,"column":36},"end":{"line":77,"column":38}},"line":74},"9":{"name":"(anonymous_9)","decl":{"start":{"line":88,"column":38},"end":{"line":88,"column":39}},"loc":{"start":{"line":90,"column":33},"end":{"line":95,"column":29}},"line":90},"10":{"name":"(anonymous_10)","decl":{"start":{"line":103,"column":34},"end":{"line":103,"column":35}},"loc":{"start":{"line":104,"column":28},"end":{"line":104,"column":76}},"line":104},"11":{"name":"(anonymous_11)","decl":{"start":{"line":111,"column":42},"end":{"line":111,"column":43}},"loc":{"start":{"line":112,"column":20},"end":{"line":120,"column":36}},"line":112},"12":{"name":"(anonymous_12)","decl":{"start":{"line":127,"column":29},"end":{"line":127,"column":30}},"loc":{"start":{"line":127,"column":35},"end":{"line":144,"column":21}},"line":127},"13":{"name":"(anonymous_13)","decl":{"start":{"line":153,"column":37},"end":{"line":153,"column":38}},"loc":{"start":{"line":153,"column":43},"end":{"line":156,"column":29}},"line":153},"14":{"name":"(anonymous_14)","decl":{"start":{"line":166,"column":33},"end":{"line":166,"column":34}},"loc":{"start":{"line":166,"column":39},"end":{"line":169,"column":25}},"line":166}},"branchMap":{"0":{"loc":{"start":{"line":30,"column":12},"end":{"line":30,"column":68}},"type":"cond-expr","locations":[{"start":{"line":30,"column":41},"end":{"line":30,"column":57}},{"start":{"line":30,"column":60},"end":{"line":30,"column":68}}],"line":30},"1":{"loc":{"start":{"line":54,"column":20},"end":{"line":54,"column":72}},"type":"if","locations":[{"start":{"line":54,"column":20},"end":{"line":54,"column":72}},{"start":{},"end":{}}],"line":54},"2":{"loc":{"start":{"line":55,"column":20},"end":{"line":56,"column":33}},"type":"if","locations":[{"start":{"line":55,"column":20},"end":{"line":56,"column":33}},{"start":{"line":56,"column":25},"end":{"line":56,"column":33}}],"line":55}},"s":{"0":2,"1":0,"2":0,"3":0,"4":0,"5":0,"6":0,"7":0,"8":0,"9":0,"10":0,"11":0,"12":0,"13":0,"14":0,"15":0,"16":0,"17":0,"18":0,"19":0,"20":0,"21":0,"22":0,"23":0,"24":0,"25":0,"26":0,"27":0,"28":0,"29":0},"f":{"0":0,"1":0,"2":0,"3":0,"4":0,"5":0,"6":0,"7":0,"8":0,"9":0,"10":0,"11":0,"12":0,"13":0,"14":0},"b":{"0":[0,0],"1":[0,0],"2":[0,0]},"_coverageSchema":"1a1c01bbd47fc00a2c39e90264f33305004495a9","hash":"9fa6436945059d96f7a06b4e40450096578bd1ad"}
,"C:\\Users\\avide\\Documents\\School Code\\CISC 275\\quiz-application\\src\\quizzer\\QuizExpanded.tsx": {"path":"C:\\Users\\avide\\Documents\\School Code\\CISC 275\\quiz-application\\src\\quizzer\\QuizExpanded.tsx","statementMap":{"0":{"start":{"line":16,"column":28},"end":{"line":120,"column":1}},"1":{"start":{"line":22,"column":30},"end":{"line":25,"column":5}},"2":{"start":{"line":24,"column":12},"end":{"line":24,"column":62}},"3":{"start":{"line":27,"column":20},"end":{"line":27,"column":39}},"4":{"start":{"line":28,"column":38},"end":{"line":30,"column":5}},"5":{"start":{"line":32,"column":33},"end":{"line":36,"column":5}},"6":{"start":{"line":33,"column":29},"end":{"line":33,"column":43}},"7":{"start":{"line":34,"column":8},"end":{"line":34,"column":44}},"8":{"start":{"line":35,"column":8},"end":{"line":35,"column":35}},"9":{"start":{"line":38,"column":24},"end":{"line":41,"column":5}},"10":{"start":{"line":39,"column":47},"end":{"line":39,"column":62}},"11":{"start":{"line":43,"column":22},"end":{"line":45,"column":5}},"12":{"start":{"line":44,"column":8},"end":{"line":44,"column":41}},"13":{"start":{"line":44,"column":26},"end":{"line":44,"column":39}},"14":{"start":{"line":47,"column":18},"end":{"line":57,"column":5}},"15":{"start":{"line":48,"column":8},"end":{"line":48,"column":58}},"16":{"start":{"line":49,"column":8},"end":{"line":54,"column":11}},"17":{"start":{"line":52,"column":44},"end":{"line":52,"column":68}},"18":{"start":{"line":56,"column":8},"end":{"line":56,"column":14}},"19":{"start":{"line":59,"column":28},"end":{"line":65,"column":5}},"20":{"start":{"line":60,"column":8},"end":{"line":64,"column":11}},"21":{"start":{"line":63,"column":12},"end":{"line":63,"column":82}},"22":{"start":{"line":67,"column":4},"end":{"line":119,"column":6}},"23":{"start":{"line":82,"column":28},"end":{"line":82,"column":36}},"24":{"start":{"line":83,"column":28},"end":{"line":83,"column":41}},"25":{"start":{"line":99,"column":16},"end":{"line":107,"column":32}}},"fnMap":{"0":{"name":"(anonymous_0)","decl":{"start":{"line":16,"column":28},"end":{"line":16,"column":29}},"loc":{"start":{"line":21,"column":25},"end":{"line":120,"column":1}},"line":21},"1":{"name":"(anonymous_1)","decl":{"start":{"line":23,"column":8},"end":{"line":23,"column":9}},"loc":{"start":{"line":24,"column":12},"end":{"line":24,"column":62}},"line":24},"2":{"name":"(anonymous_2)","decl":{"start":{"line":32,"column":33},"end":{"line":32,"column":34}},"loc":{"start":{"line":32,"column":52},"end":{"line":36,"column":5}},"line":32},"3":{"name":"(anonymous_3)","decl":{"start":{"line":39,"column":8},"end":{"line":39,"column":9}},"loc":{"start":{"line":39,"column":47},"end":{"line":39,"column":62}},"line":39},"4":{"name":"(anonymous_4)","decl":{"start":{"line":43,"column":22},"end":{"line":43,"column":23}},"loc":{"start":{"line":43,"column":37},"end":{"line":45,"column":5}},"line":43},"5":{"name":"(anonymous_5)","decl":{"start":{"line":44,"column":11},"end":{"line":44,"column":12}},"loc":{"start":{"line":44,"column":26},"end":{"line":44,"column":39}},"line":44},"6":{"name":"(anonymous_6)","decl":{"start":{"line":47,"column":18},"end":{"line":47,"column":19}},"loc":{"start":{"line":47,"column":24},"end":{"line":57,"column":5}},"line":47},"7":{"name":"(anonymous_7)","decl":{"start":{"line":52,"column":16},"end":{"line":52,"column":17}},"loc":{"start":{"line":52,"column":44},"end":{"line":52,"column":68}},"line":52},"8":{"name":"(anonymous_8)","decl":{"start":{"line":59,"column":28},"end":{"line":59,"column":29}},"loc":{"start":{"line":59,"column":65},"end":{"line":65,"column":5}},"line":59},"9":{"name":"(anonymous_9)","decl":{"start":{"line":62,"column":48},"end":{"line":62,"column":49}},"loc":{"start":{"line":63,"column":12},"end":{"line":63,"column":82}},"line":63},"10":{"name":"(anonymous_10)","decl":{"start":{"line":81,"column":33},"end":{"line":81,"column":34}},"loc":{"start":{"line":81,"column":39},"end":{"line":84,"column":25}},"line":81},"11":{"name":"(anonymous_11)","decl":{"start":{"line":98,"column":35},"end":{"line":98,"column":36}},"loc":{"start":{"line":99,"column":16},"end":{"line":107,"column":32}},"line":99}},"branchMap":{"0":{"loc":{"start":{"line":24,"column":12},"end":{"line":24,"column":62}},"type":"binary-expr","locations":[{"start":{"line":24,"column":13},"end":{"line":24,"column":27}},{"start":{"line":24,"column":31},"end":{"line":24,"column":42}},{"start":{"line":24,"column":47},"end":{"line":24,"column":62}}],"line":24},"1":{"loc":{"start":{"line":63,"column":12},"end":{"line":63,"column":82}},"type":"cond-expr","locations":[{"start":{"line":63,"column":41},"end":{"line":63,"column":71}},{"start":{"line":63,"column":74},"end":{"line":63,"column":82}}],"line":63},"2":{"loc":{"start":{"line":74,"column":25},"end":{"line":74,"column":66}},"type":"cond-expr","locations":[{"start":{"line":74,"column":58},"end":{"line":74,"column":61}},{"start":{"line":74,"column":64},"end":{"line":74,"column":66}}],"line":74}},"s":{"0":2,"1":21,"2":84,"3":21,"4":21,"5":21,"6":2,"7":2,"8":2,"9":21,"10":42,"11":21,"12":2,"13":2,"14":21,"15":7,"16":7,"17":28,"18":7,"19":21,"20":2,"21":8,"22":21,"23":6,"24":6,"25":42},"f":{"0":21,"1":84,"2":2,"3":42,"4":2,"5":2,"6":7,"7":28,"8":2,"9":8,"10":6,"11":42},"b":{"0":[84,84,42],"1":[2,6],"2":[21,0]},"_coverageSchema":"1a1c01bbd47fc00a2c39e90264f33305004495a9","hash":"e6cca039deca4b36f7db8c05a3e25e9d9e227ee4"}
,"C:\\Users\\avide\\Documents\\School Code\\CISC 275\\quiz-application\\src\\quizzer\\QuizList.tsx": {"path":"C:\\Users\\avide\\Documents\\School Code\\CISC 275\\quiz-application\\src\\quizzer\\QuizList.tsx","statementMap":{"0":{"start":{"line":15,"column":24},"end":{"line":63,"column":1}},"1":{"start":{"line":21,"column":38},"end":{"line":21,"column":67}},"2":{"start":{"line":23,"column":27},"end":{"line":25,"column":5}},"3":{"start":{"line":24,"column":8},"end":{"line":24,"column":25}},"4":{"start":{"line":27,"column":26},"end":{"line":29,"column":5}},"5":{"start":{"line":28,"column":8},"end":{"line":28,"column":27}},"6":{"start":{"line":31,"column":4},"end":{"line":62,"column":6}},"7":{"start":{"line":36,"column":24},"end":{"line":40,"column":36}},"8":{"start":{"line":48,"column":16},"end":{"line":58,"column":17}},"9":{"start":{"line":49,"column":20},"end":{"line":57,"column":22}},"10":{"start":{"line":59,"column":16},"end":{"line":59,"column":23}}},"fnMap":{"0":{"name":"(anonymous_0)","decl":{"start":{"line":15,"column":24},"end":{"line":15,"column":25}},"loc":{"start":{"line":20,"column":21},"end":{"line":63,"column":1}},"line":20},"1":{"name":"(anonymous_1)","decl":{"start":{"line":23,"column":27},"end":{"line":23,"column":28}},"loc":{"start":{"line":23,"column":43},"end":{"line":25,"column":5}},"line":23},"2":{"name":"(anonymous_2)","decl":{"start":{"line":27,"column":26},"end":{"line":27,"column":27}},"loc":{"start":{"line":27,"column":32},"end":{"line":29,"column":5}},"line":27},"3":{"name":"(anonymous_3)","decl":{"start":{"line":35,"column":33},"end":{"line":35,"column":34}},"loc":{"start":{"line":36,"column":24},"end":{"line":40,"column":36}},"line":36},"4":{"name":"(anonymous_4)","decl":{"start":{"line":47,"column":25},"end":{"line":47,"column":26}},"loc":{"start":{"line":47,"column":41},"end":{"line":60,"column":13}},"line":47}},"branchMap":{"0":{"loc":{"start":{"line":33,"column":13},"end":{"line":46,"column":13}},"type":"binary-expr","locations":[{"start":{"line":33,"column":13},"end":{"line":33,"column":23}},{"start":{"line":34,"column":16},"end":{"line":45,"column":19}}],"line":33},"1":{"loc":{"start":{"line":48,"column":16},"end":{"line":58,"column":17}},"type":"if","locations":[{"start":{"line":48,"column":16},"end":{"line":58,"column":17}},{"start":{},"end":{}}],"line":48}},"s":{"0":2,"1":36,"2":36,"3":10,"4":36,"5":0,"6":36,"7":86,"8":181,"9":19,"10":162},"f":{"0":36,"1":10,"2":0,"3":86,"4":181},"b":{"0":[36,17],"1":[19,162]},"_coverageSchema":"1a1c01bbd47fc00a2c39e90264f33305004495a9","hash":"42a4ebcb1bf5a65e4d7fb875b0354f8d19e628b8"}
,"C:\\Users\\avide\\Documents\\School Code\\CISC 275\\quiz-application\\src\\quizzer\\QuizQuestion.tsx": {"path":"C:\\Users\\avide\\Documents\\School Code\\CISC 275\\quiz-application\\src\\quizzer\\QuizQuestion.tsx","statementMap":{"0":{"start":{"line":17,"column":28},"end":{"line":95,"column":1}},"1":{"start":{"line":25,"column":24},"end":{"line":29,"column":5}},"2":{"start":{"line":26,"column":8},"end":{"line":28,"column":9}},"3":{"start":{"line":27,"column":12},"end":{"line":27,"column":57}},"4":{"start":{"line":31,"column":30},"end":{"line":36,"column":5}},"5":{"start":{"line":32,"column":8},"end":{"line":32,"column":28}},"6":{"start":{"line":33,"column":8},"end":{"line":35,"column":9}},"7":{"start":{"line":34,"column":12},"end":{"line":34,"column":25}},"8":{"start":{"line":38,"column":4},"end":{"line":94,"column":6}},"9":{"start":{"line":64,"column":36},"end":{"line":72,"column":38}}},"fnMap":{"0":{"name":"(anonymous_0)","decl":{"start":{"line":17,"column":28},"end":{"line":17,"column":29}},"loc":{"start":{"line":24,"column":25},"end":{"line":95,"column":1}},"line":24},"1":{"name":"(anonymous_1)","decl":{"start":{"line":25,"column":24},"end":{"line":25,"column":25}},"loc":{"start":{"line":25,"column":44},"end":{"line":29,"column":5}},"line":25},"2":{"name":"(anonymous_2)","decl":{"start":{"line":31,"column":30},"end":{"line":31,"column":31}},"loc":{"start":{"line":31,"column":36},"end":{"line":36,"column":5}},"line":31},"3":{"name":"(anonymous_3)","decl":{"start":{"line":63,"column":32},"end":{"line":63,"column":33}},"loc":{"start":{"line":64,"column":36},"end":{"line":72,"column":38}},"line":64}},"branchMap":{"0":{"loc":{"start":{"line":26,"column":8},"end":{"line":28,"column":9}},"type":"if","locations":[{"start":{"line":26,"column":8},"end":{"line":28,"column":9}},{"start":{},"end":{}}],"line":26},"1":{"loc":{"start":{"line":33,"column":8},"end":{"line":35,"column":9}},"type":"if","locations":[{"start":{"line":33,"column":8},"end":{"line":35,"column":9}},{"start":{},"end":{}}],"line":33},"2":{"loc":{"start":{"line":47,"column":45},"end":{"line":47,"column":77}},"type":"cond-expr","locations":[{"start":{"line":47,"column":69},"end":{"line":47,"column":72}},{"start":{"line":47,"column":75},"end":{"line":47,"column":77}}],"line":47},"3":{"loc":{"start":{"line":51,"column":21},"end":{"line":59,"column":21}},"type":"binary-expr","locations":[{"start":{"line":51,"column":21},"end":{"line":51,"column":62}},{"start":{"line":52,"column":24},"end":{"line":58,"column":37}}],"line":51},"4":{"loc":{"start":{"line":60,"column":21},"end":{"line":76,"column":21}},"type":"binary-expr","locations":[{"start":{"line":60,"column":21},"end":{"line":60,"column":65}},{"start":{"line":61,"column":24},"end":{"line":75,"column":30}}],"line":60},"5":{"loc":{"start":{"line":78,"column":39},"end":{"line":78,"column":64}},"type":"cond-expr","locations":[{"start":{"line":78,"column":51},"end":{"line":78,"column":53}},{"start":{"line":78,"column":56},"end":{"line":78,"column":64}}],"line":78},"6":{"loc":{"start":{"line":79,"column":29},"end":{"line":81,"column":37}},"type":"cond-expr","locations":[{"start":{"line":80,"column":34},"end":{"line":80,"column":38}},{"start":{"line":81,"column":34},"end":{"line":81,"column":37}}],"line":79}},"s":{"0":2,"1":42,"2":2,"3":2,"4":42,"5":2,"6":2,"7":2,"8":42,"9":63},"f":{"0":42,"1":2,"2":2,"3":63},"b":{"0":[2,0],"1":[2,0],"2":[0,42],"3":[42,21],"4":[42,21],"5":[2,40],"6":[4,38]},"_coverageSchema":"1a1c01bbd47fc00a2c39e90264f33305004495a9","hash":"4fc137063f118da65f5c60f7d10467e5b50ac346"}
,"C:\\Users\\avide\\Documents\\School Code\\CISC 275\\quiz-application\\src\\quizzer\\QuizView.tsx": {"path":"C:\\Users\\avide\\Documents\\School Code\\CISC 275\\quiz-application\\src\\quizzer\\QuizView.tsx","statementMap":{"0":{"start":{"line":15,"column":24},"end":{"line":48,"column":1}},"1":{"start":{"line":21,"column":28},"end":{"line":21,"column":43}},"2":{"start":{"line":23,"column":23},"end":{"line":25,"column":5}},"3":{"start":{"line":24,"column":8},"end":{"line":24,"column":22}},"4":{"start":{"line":27,"column":4},"end":{"line":47,"column":6}}},"fnMap":{"0":{"name":"(anonymous_0)","decl":{"start":{"line":15,"column":24},"end":{"line":15,"column":25}},"loc":{"start":{"line":20,"column":21},"end":{"line":48,"column":1}},"line":20},"1":{"name":"(anonymous_1)","decl":{"start":{"line":23,"column":23},"end":{"line":23,"column":24}},"loc":{"start":{"line":23,"column":29},"end":{"line":25,"column":5}},"line":23}},"branchMap":{"0":{"loc":{"start":{"line":29,"column":13},"end":{"line":37,"column":13}},"type":"binary-expr","locations":[{"start":{"line":29,"column":13},"end":{"line":29,"column":17}},{"start":{"line":30,"column":16},"end":{"line":36,"column":28}}],"line":29},"1":{"loc":{"start":{"line":38,"column":13},"end":{"line":45,"column":13}},"type":"binary-expr","locations":[{"start":{"line":38,"column":13},"end":{"line":38,"column":18}},{"start":{"line":39,"column":16},"end":{"line":44,"column":32}}],"line":38}},"s":{"0":2,"1":19,"2":19,"3":6,"4":19},"f":{"0":19,"1":6},"b":{"0":[19,0],"1":[19,19]},"_coverageSchema":"1a1c01bbd47fc00a2c39e90264f33305004495a9","hash":"056d09419faf63fd1662fc39ca990f100d9f101c"}
,"C:\\Users\\avide\\Documents\\School Code\\CISC 275\\quiz-application\\src\\quizzer\\Quizzer.tsx": {"path":"C:\\Users\\avide\\Documents\\School Code\\CISC 275\\quiz-application\\src\\quizzer\\Quizzer.tsx","statementMap":{"0":{"start":{"line":10,"column":16},"end":{"line":21,"column":1}},"1":{"start":{"line":11,"column":21},"end":{"line":20,"column":5}},"2":{"start":{"line":14,"column":30},"end":{"line":18,"column":13}},"3":{"start":{"line":23,"column":23},"end":{"line":109,"column":1}},"4":{"start":{"line":24,"column":34},"end":{"line":24,"column":59}},"5":{"start":{"line":25,"column":44},"end":{"line":25,"column":59}},"6":{"start":{"line":28,"column":8},"end":{"line":30,"column":10}},"7":{"start":{"line":29,"column":44},"end":{"line":29,"column":70}},"8":{"start":{"line":34,"column":30},"end":{"line":34,"column":112}},"9":{"start":{"line":35,"column":8},"end":{"line":35,"column":42}},"10":{"start":{"line":39,"column":8},"end":{"line":39,"column":71}},"11":{"start":{"line":39,"column":56},"end":{"line":39,"column":68}},"12":{"start":{"line":42,"column":28},"end":{"line":42,"column":55}},"13":{"start":{"line":42,"column":34},"end":{"line":42,"column":55}},"14":{"start":{"line":43,"column":29},"end":{"line":43,"column":57}},"15":{"start":{"line":43,"column":35},"end":{"line":43,"column":57}},"16":{"start":{"line":45,"column":4},"end":{"line":108,"column":6}}},"fnMap":{"0":{"name":"(anonymous_0)","decl":{"start":{"line":11,"column":4},"end":{"line":11,"column":5}},"loc":{"start":{"line":11,"column":21},"end":{"line":20,"column":5}},"line":11},"1":{"name":"(anonymous_1)","decl":{"start":{"line":14,"column":12},"end":{"line":14,"column":13}},"loc":{"start":{"line":14,"column":30},"end":{"line":18,"column":13}},"line":14},"2":{"name":"(anonymous_2)","decl":{"start":{"line":23,"column":23},"end":{"line":23,"column":24}},"loc":{"start":{"line":23,"column":29},"end":{"line":109,"column":1}},"line":23},"3":{"name":"editQuiz","decl":{"start":{"line":27,"column":13},"end":{"line":27,"column":21}},"loc":{"start":{"line":27,"column":50},"end":{"line":31,"column":5}},"line":27},"4":{"name":"(anonymous_4)","decl":{"start":{"line":29,"column":24},"end":{"line":29,"column":25}},"loc":{"start":{"line":29,"column":44},"end":{"line":29,"column":70}},"line":29},"5":{"name":"addQuiz","decl":{"start":{"line":33,"column":13},"end":{"line":33,"column":20}},"loc":{"start":{"line":33,"column":50},"end":{"line":36,"column":5}},"line":33},"6":{"name":"deleteQuiz","decl":{"start":{"line":38,"column":13},"end":{"line":38,"column":23}},"loc":{"start":{"line":38,"column":37},"end":{"line":40,"column":5}},"line":38},"7":{"name":"(anonymous_7)","decl":{"start":{"line":39,"column":34},"end":{"line":39,"column":35}},"loc":{"start":{"line":39,"column":56},"end":{"line":39,"column":68}},"line":39},"8":{"name":"(anonymous_8)","decl":{"start":{"line":42,"column":28},"end":{"line":42,"column":29}},"loc":{"start":{"line":42,"column":34},"end":{"line":42,"column":55}},"line":42},"9":{"name":"(anonymous_9)","decl":{"start":{"line":43,"column":29},"end":{"line":43,"column":30}},"loc":{"start":{"line":43,"column":35},"end":{"line":43,"column":57}},"line":43}},"branchMap":{"0":{"loc":{"start":{"line":29,"column":44},"end":{"line":29,"column":70}},"type":"cond-expr","locations":[{"start":{"line":29,"column":59},"end":{"line":29,"column":66}},{"start":{"line":29,"column":69},"end":{"line":29,"column":70}}],"line":29}},"s":{"0":2,"1":10,"2":40,"3":2,"4":27,"5":26,"6":9,"7":45,"8":1,"9":1,"10":0,"11":0,"12":26,"13":1,"14":26,"15":1,"16":26},"f":{"0":10,"1":40,"2":27,"3":9,"4":45,"5":1,"6":0,"7":0,"8":1,"9":1},"b":{"0":[9,36]},"_coverageSchema":"1a1c01bbd47fc00a2c39e90264f33305004495a9","hash":"46e7b3559147cee174838461226130765fdf7fa3"}
}
