{"C:\\Users\\avide\\Documents\\School Code\\CISC 275\\quiz-application\\src\\App.tsx": {"path":"C:\\Users\\avide\\Documents\\School Code\\CISC 275\\quiz-application\\src\\App.tsx","statementMap":{"0":{"start":{"line":8,"column":34},"end":{"line":8,"column":57}},"1":{"start":{"line":10,"column":4},"end":{"line":26,"column":6}},"2":{"start":{"line":16,"column":24},"end":{"line":16,"column":45}}},"fnMap":{"0":{"name":"App","decl":{"start":{"line":7,"column":9},"end":{"line":7,"column":12}},"loc":{"start":{"line":7,"column":28},"end":{"line":27,"column":1}},"line":7},"1":{"name":"(anonymous_1)","decl":{"start":{"line":15,"column":29},"end":{"line":15,"column":30}},"loc":{"start":{"line":15,"column":35},"end":{"line":17,"column":21}},"line":15}},"branchMap":{"0":{"loc":{"start":{"line":19,"column":21},"end":{"line":19,"column":50}},"type":"cond-expr","locations":[{"start":{"line":19,"column":31},"end":{"line":19,"column":40}},{"start":{"line":19,"column":43},"end":{"line":19,"column":50}}],"line":19},"1":{"loc":{"start":{"line":22,"column":35},"end":{"line":22,"column":61}},"type":"cond-expr","locations":[{"start":{"line":22,"column":45},"end":{"line":22,"column":52}},{"start":{"line":22,"column":55},"end":{"line":22,"column":61}}],"line":22}},"s":{"0":1,"1":1,"2":0},"f":{"0":1,"1":0},"b":{"0":[1,0],"1":[1,0]},"_coverageSchema":"1a1c01bbd47fc00a2c39e90264f33305004495a9","hash":"5c48fc9fba37151e5287576146bf5641e7e5b2e0"}
,"C:\\Users\\avide\\Documents\\School Code\\CISC 275\\quiz-application\\src\\interfaces\\question.ts": {"path":"C:\\Users\\avide\\Documents\\School Code\\CISC 275\\quiz-application\\src\\interfaces\\question.ts","statementMap":{},"fnMap":{},"branchMap":{},"s":{},"f":{},"b":{}}
,"C:\\Users\\avide\\Documents\\School Code\\CISC 275\\quiz-application\\src\\interfaces\\quiz.ts": {"path":"C:\\Users\\avide\\Documents\\School Code\\CISC 275\\quiz-application\\src\\interfaces\\quiz.ts","statementMap":{},"fnMap":{},"branchMap":{},"s":{},"f":{},"b":{}}
,"C:\\Users\\avide\\Documents\\School Code\\CISC 275\\quiz-application\\src\\quizzer\\AddQuizModal.tsx": {"path":"C:\\Users\\avide\\Documents\\School Code\\CISC 275\\quiz-application\\src\\quizzer\\AddQuizModal.tsx","statementMap":{"0":{"start":{"line":10,"column":28},"end":{"line":68,"column":1}},"1":{"start":{"line":15,"column":30},"end":{"line":15,"column":62}},"2":{"start":{"line":16,"column":28},"end":{"line":16,"column":67}},"3":{"start":{"line":18,"column":24},"end":{"line":23,"column":5}},"4":{"start":{"line":19,"column":8},"end":{"line":19,"column":29}},"5":{"start":{"line":20,"column":8},"end":{"line":20,"column":33}},"6":{"start":{"line":21,"column":8},"end":{"line":21,"column":39}},"7":{"start":{"line":22,"column":8},"end":{"line":22,"column":22}},"8":{"start":{"line":25,"column":4},"end":{"line":67,"column":6}},"9":{"start":{"line":38,"column":33},"end":{"line":38,"column":57}},"10":{"start":{"line":46,"column":37},"end":{"line":46,"column":60}},"11":{"start":{"line":54,"column":28},"end":{"line":54,"column":53}},"12":{"start":{"line":55,"column":28},"end":{"line":55,"column":59}},"13":{"start":{"line":56,"column":28},"end":{"line":56,"column":42}}},"fnMap":{"0":{"name":"(anonymous_0)","decl":{"start":{"line":10,"column":28},"end":{"line":10,"column":29}},"loc":{"start":{"line":14,"column":25},"end":{"line":68,"column":1}},"line":14},"1":{"name":"(anonymous_1)","decl":{"start":{"line":18,"column":24},"end":{"line":18,"column":25}},"loc":{"start":{"line":18,"column":30},"end":{"line":23,"column":5}},"line":18},"2":{"name":"(anonymous_2)","decl":{"start":{"line":36,"column":38},"end":{"line":36,"column":39}},"loc":{"start":{"line":38,"column":33},"end":{"line":38,"column":57}},"line":38},"3":{"name":"(anonymous_3)","decl":{"start":{"line":45,"column":38},"end":{"line":45,"column":39}},"loc":{"start":{"line":46,"column":37},"end":{"line":46,"column":60}},"line":46},"4":{"name":"(anonymous_4)","decl":{"start":{"line":53,"column":33},"end":{"line":53,"column":34}},"loc":{"start":{"line":53,"column":39},"end":{"line":57,"column":25}},"line":53}},"branchMap":{},"s":{"0":2,"1":32,"2":32,"3":32,"4":1,"5":1,"6":1,"7":1,"8":32,"9":0,"10":0,"11":0,"12":0,"13":0},"f":{"0":32,"1":1,"2":0,"3":0,"4":0},"b":{},"_coverageSchema":"1a1c01bbd47fc00a2c39e90264f33305004495a9","hash":"f06d8390b05fa9c3602509c7377fea416220e92a"}
,"C:\\Users\\avide\\Documents\\School Code\\CISC 275\\quiz-application\\src\\quizzer\\QuestionEdit.tsx": {"path":"C:\\Users\\avide\\Documents\\School Code\\CISC 275\\quiz-application\\src\\quizzer\\QuestionEdit.tsx","statementMap":{"0":{"start":{"line":17,"column":28},"end":{"line":265,"column":1}},"1":{"start":{"line":25,"column":19},"end":{"line":27,"column":5}},"2":{"start":{"line":26,"column":50},"end":{"line":26,"column":73}},"3":{"start":{"line":29,"column":29},"end":{"line":39,"column":5}},"4":{"start":{"line":30,"column":8},"end":{"line":30,"column":13}},"5":{"start":{"line":32,"column":12},"end":{"line":32,"column":71}},"6":{"start":{"line":33,"column":8},"end":{"line":38,"column":11}},"7":{"start":{"line":41,"column":24},"end":{"line":49,"column":5}},"8":{"start":{"line":42,"column":8},"end":{"line":42,"column":13}},"9":{"start":{"line":43,"column":8},"end":{"line":48,"column":11}},"10":{"start":{"line":51,"column":25},"end":{"line":54,"column":5}},"11":{"start":{"line":52,"column":5},"end":{"line":52,"column":47}},"12":{"start":{"line":53,"column":8},"end":{"line":53,"column":44}},"13":{"start":{"line":56,"column":31},"end":{"line":67,"column":5}},"14":{"start":{"line":60,"column":27},"end":{"line":60,"column":48}},"15":{"start":{"line":61,"column":8},"end":{"line":61,"column":48}},"16":{"start":{"line":62,"column":8},"end":{"line":66,"column":11}},"17":{"start":{"line":69,"column":30},"end":{"line":76,"column":5}},"18":{"start":{"line":70,"column":20},"end":{"line":70,"column":44}},"19":{"start":{"line":71,"column":8},"end":{"line":71,"column":15}},"20":{"start":{"line":72,"column":8},"end":{"line":75,"column":11}},"21":{"start":{"line":80,"column":4},"end":{"line":264,"column":6}},"22":{"start":{"line":97,"column":36},"end":{"line":100,"column":39}},"23":{"start":{"line":170,"column":44},"end":{"line":173,"column":47}},"24":{"start":{"line":183,"column":44},"end":{"line":210,"column":50}},"25":{"start":{"line":204,"column":56},"end":{"line":207,"column":58}},"26":{"start":{"line":222,"column":32},"end":{"line":222,"column":63}},"27":{"start":{"line":231,"column":32},"end":{"line":231,"column":63}},"28":{"start":{"line":247,"column":28},"end":{"line":250,"column":31}},"29":{"start":{"line":256,"column":28},"end":{"line":256,"column":56}}},"fnMap":{"0":{"name":"(anonymous_0)","decl":{"start":{"line":17,"column":28},"end":{"line":17,"column":29}},"loc":{"start":{"line":24,"column":25},"end":{"line":265,"column":1}},"line":24},"1":{"name":"(anonymous_1)","decl":{"start":{"line":26,"column":35},"end":{"line":26,"column":36}},"loc":{"start":{"line":26,"column":50},"end":{"line":26,"column":73}},"line":26},"2":{"name":"(anonymous_2)","decl":{"start":{"line":29,"column":29},"end":{"line":29,"column":30}},"loc":{"start":{"line":29,"column":73},"end":{"line":39,"column":5}},"line":29},"3":{"name":"(anonymous_3)","decl":{"start":{"line":41,"column":24},"end":{"line":41,"column":25}},"loc":{"start":{"line":41,"column":30},"end":{"line":49,"column":5}},"line":41},"4":{"name":"(anonymous_4)","decl":{"start":{"line":51,"column":25},"end":{"line":51,"column":26}},"loc":{"start":{"line":51,"column":69},"end":{"line":54,"column":5}},"line":51},"5":{"name":"(anonymous_5)","decl":{"start":{"line":56,"column":31},"end":{"line":56,"column":32}},"loc":{"start":{"line":59,"column":9},"end":{"line":67,"column":5}},"line":59},"6":{"name":"(anonymous_6)","decl":{"start":{"line":69,"column":30},"end":{"line":69,"column":31}},"loc":{"start":{"line":69,"column":74},"end":{"line":76,"column":5}},"line":69},"7":{"name":"(anonymous_7)","decl":{"start":{"line":94,"column":42},"end":{"line":94,"column":43}},"loc":{"start":{"line":96,"column":37},"end":{"line":101,"column":33}},"line":96},"8":{"name":"(anonymous_8)","decl":{"start":{"line":167,"column":50},"end":{"line":167,"column":51}},"loc":{"start":{"line":169,"column":45},"end":{"line":174,"column":41}},"line":169},"9":{"name":"(anonymous_9)","decl":{"start":{"line":182,"column":40},"end":{"line":182,"column":41}},"loc":{"start":{"line":183,"column":44},"end":{"line":210,"column":50}},"line":183},"10":{"name":"(anonymous_10)","decl":{"start":{"line":201,"column":62},"end":{"line":201,"column":63}},"loc":{"start":{"line":203,"column":57},"end":{"line":208,"column":53}},"line":203},"11":{"name":"(anonymous_11)","decl":{"start":{"line":221,"column":37},"end":{"line":221,"column":38}},"loc":{"start":{"line":221,"column":43},"end":{"line":223,"column":29}},"line":221},"12":{"name":"(anonymous_12)","decl":{"start":{"line":230,"column":37},"end":{"line":230,"column":38}},"loc":{"start":{"line":230,"column":43},"end":{"line":232,"column":29}},"line":230},"13":{"name":"(anonymous_13)","decl":{"start":{"line":246,"column":34},"end":{"line":246,"column":35}},"loc":{"start":{"line":246,"column":78},"end":{"line":251,"column":25}},"line":246},"14":{"name":"(anonymous_14)","decl":{"start":{"line":255,"column":33},"end":{"line":255,"column":34}},"loc":{"start":{"line":255,"column":39},"end":{"line":257,"column":25}},"line":255}},"branchMap":{"0":{"loc":{"start":{"line":32,"column":12},"end":{"line":32,"column":71}},"type":"cond-expr","locations":[{"start":{"line":32,"column":43},"end":{"line":32,"column":44}},{"start":{"line":32,"column":47},"end":{"line":32,"column":71}}],"line":32},"1":{"loc":{"start":{"line":65,"column":22},"end":{"line":65,"column":66}},"type":"cond-expr","locations":[{"start":{"line":65,"column":32},"end":{"line":65,"column":46}},{"start":{"line":65,"column":49},"end":{"line":65,"column":66}}],"line":65},"2":{"loc":{"start":{"line":116,"column":31},"end":{"line":116,"column":63}},"type":"cond-expr","locations":[{"start":{"line":116,"column":55},"end":{"line":116,"column":58}},{"start":{"line":116,"column":61},"end":{"line":116,"column":63}}],"line":116},"3":{"loc":{"start":{"line":147,"column":29},"end":{"line":159,"column":29}},"type":"binary-expr","locations":[{"start":{"line":147,"column":29},"end":{"line":147,"column":73}},{"start":{"line":148,"column":32},"end":{"line":158,"column":35}}],"line":147},"4":{"loc":{"start":{"line":162,"column":29},"end":{"line":177,"column":29}},"type":"binary-expr","locations":[{"start":{"line":162,"column":29},"end":{"line":162,"column":70}},{"start":{"line":163,"column":32},"end":{"line":176,"column":45}}],"line":162},"5":{"loc":{"start":{"line":178,"column":29},"end":{"line":214,"column":29}},"type":"binary-expr","locations":[{"start":{"line":178,"column":29},"end":{"line":178,"column":73}},{"start":{"line":179,"column":32},"end":{"line":213,"column":45}}],"line":178}},"s":{"0":2,"1":54,"2":53,"3":54,"4":0,"5":0,"6":0,"7":54,"8":1,"9":1,"10":54,"11":0,"12":0,"13":54,"14":0,"15":0,"16":0,"17":54,"18":0,"19":0,"20":0,"21":54,"22":0,"23":0,"24":81,"25":0,"26":2,"27":0,"28":1,"29":0},"f":{"0":54,"1":53,"2":0,"3":1,"4":0,"5":0,"6":0,"7":0,"8":0,"9":81,"10":0,"11":2,"12":0,"13":1,"14":0},"b":{"0":[0,0],"1":[0,0],"2":[13,41],"3":[54,27],"4":[54,27],"5":[54,27]},"_coverageSchema":"1a1c01bbd47fc00a2c39e90264f33305004495a9","hash":"7ae318a50bdde62836ad75d9c74cf82bbd85e8c1"}
,"C:\\Users\\avide\\Documents\\School Code\\CISC 275\\quiz-application\\src\\quizzer\\QuizCard.tsx": {"path":"C:\\Users\\avide\\Documents\\School Code\\CISC 275\\quiz-application\\src\\quizzer\\QuizCard.tsx","statementMap":{"0":{"start":{"line":12,"column":24},"end":{"line":40,"column":1}},"1":{"start":{"line":16,"column":30},"end":{"line":19,"column":5}},"2":{"start":{"line":18,"column":12},"end":{"line":18,"column":62}},"3":{"start":{"line":21,"column":4},"end":{"line":39,"column":6}},"4":{"start":{"line":27,"column":24},"end":{"line":27,"column":45}}},"fnMap":{"0":{"name":"(anonymous_0)","decl":{"start":{"line":12,"column":24},"end":{"line":12,"column":25}},"loc":{"start":{"line":15,"column":21},"end":{"line":40,"column":1}},"line":15},"1":{"name":"(anonymous_1)","decl":{"start":{"line":17,"column":8},"end":{"line":17,"column":9}},"loc":{"start":{"line":18,"column":12},"end":{"line":18,"column":62}},"line":18},"2":{"name":"(anonymous_2)","decl":{"start":{"line":26,"column":29},"end":{"line":26,"column":30}},"loc":{"start":{"line":26,"column":35},"end":{"line":28,"column":21}},"line":26}},"branchMap":{"0":{"loc":{"start":{"line":18,"column":12},"end":{"line":18,"column":62}},"type":"binary-expr","locations":[{"start":{"line":18,"column":13},"end":{"line":18,"column":27}},{"start":{"line":18,"column":31},"end":{"line":18,"column":42}},{"start":{"line":18,"column":47},"end":{"line":18,"column":62}}],"line":18},"1":{"loc":{"start":{"line":34,"column":21},"end":{"line":34,"column":62}},"type":"cond-expr","locations":[{"start":{"line":34,"column":54},"end":{"line":34,"column":57}},{"start":{"line":34,"column":60},"end":{"line":34,"column":62}}],"line":34}},"s":{"0":2,"1":90,"2":356,"3":90,"4":10},"f":{"0":90,"1":356,"2":10},"b":{"0":[356,302,160],"1":[90,0]},"_coverageSchema":"1a1c01bbd47fc00a2c39e90264f33305004495a9","hash":"f90e032c49b5bb5375725c0ee9c7a4ae7b510b98"}
,"C:\\Users\\avide\\Documents\\School Code\\CISC 275\\quiz-application\\src\\quizzer\\QuizEdit.tsx": {"path":"C:\\Users\\avide\\Documents\\School Code\\CISC 275\\quiz-application\\src\\quizzer\\QuizEdit.tsx","statementMap":{"0":{"start":{"line":17,"column":24},"end":{"line":177,"column":1}},"1":{"start":{"line":24,"column":34},"end":{"line":24,"column":61}},"2":{"start":{"line":26,"column":25},"end":{"line":32,"column":5}},"3":{"start":{"line":27,"column":8},"end":{"line":31,"column":11}},"4":{"start":{"line":30,"column":12},"end":{"line":30,"column":68}},"5":{"start":{"line":34,"column":27},"end":{"line":40,"column":5}},"6":{"start":{"line":35,"column":8},"end":{"line":39,"column":11}},"7":{"start":{"line":38,"column":12},"end":{"line":38,"column":38}},"8":{"start":{"line":42,"column":24},"end":{"line":47,"column":5}},"9":{"start":{"line":43,"column":24},"end":{"line":43,"column":30}},"10":{"start":{"line":44,"column":24},"end":{"line":44,"column":51}},"11":{"start":{"line":45,"column":8},"end":{"line":45,"column":27}},"12":{"start":{"line":46,"column":8},"end":{"line":46,"column":35}},"13":{"start":{"line":49,"column":25},"end":{"line":60,"column":5}},"14":{"start":{"line":50,"column":8},"end":{"line":59,"column":11}},"15":{"start":{"line":54,"column":20},"end":{"line":54,"column":72}},"16":{"start":{"line":54,"column":38},"end":{"line":54,"column":72}},"17":{"start":{"line":55,"column":20},"end":{"line":56,"column":33}},"18":{"start":{"line":55,"column":38},"end":{"line":55,"column":72}},"19":{"start":{"line":56,"column":25},"end":{"line":56,"column":33}},"20":{"start":{"line":62,"column":4},"end":{"line":176,"column":6}},"21":{"start":{"line":74,"column":36},"end":{"line":77,"column":38}},"22":{"start":{"line":91,"column":32},"end":{"line":94,"column":35}},"23":{"start":{"line":104,"column":28},"end":{"line":104,"column":76}},"24":{"start":{"line":112,"column":20},"end":{"line":120,"column":36}},"25":{"start":{"line":128,"column":24},"end":{"line":143,"column":27}},"26":{"start":{"line":154,"column":32},"end":{"line":154,"column":46}},"27":{"start":{"line":155,"column":32},"end":{"line":155,"column":45}},"28":{"start":{"line":167,"column":28},"end":{"line":167,"column":48}},"29":{"start":{"line":168,"column":28},"end":{"line":168,"column":40}}},"fnMap":{"0":{"name":"(anonymous_0)","decl":{"start":{"line":17,"column":24},"end":{"line":17,"column":25}},"loc":{"start":{"line":23,"column":21},"end":{"line":177,"column":1}},"line":23},"1":{"name":"(anonymous_1)","decl":{"start":{"line":26,"column":25},"end":{"line":26,"column":26}},"loc":{"start":{"line":26,"column":72},"end":{"line":32,"column":5}},"line":26},"2":{"name":"(anonymous_2)","decl":{"start":{"line":29,"column":51},"end":{"line":29,"column":52}},"loc":{"start":{"line":30,"column":12},"end":{"line":30,"column":68}},"line":30},"3":{"name":"(anonymous_3)","decl":{"start":{"line":34,"column":27},"end":{"line":34,"column":28}},"loc":{"start":{"line":34,"column":51},"end":{"line":40,"column":5}},"line":34},"4":{"name":"(anonymous_4)","decl":{"start":{"line":37,"column":54},"end":{"line":37,"column":55}},"loc":{"start":{"line":38,"column":12},"end":{"line":38,"column":38}},"line":38},"5":{"name":"(anonymous_5)","decl":{"start":{"line":42,"column":24},"end":{"line":42,"column":25}},"loc":{"start":{"line":42,"column":30},"end":{"line":47,"column":5}},"line":42},"6":{"name":"(anonymous_6)","decl":{"start":{"line":49,"column":25},"end":{"line":49,"column":26}},"loc":{"start":{"line":49,"column":57},"end":{"line":60,"column":5}},"line":49},"7":{"name":"(anonymous_7)","decl":{"start":{"line":53,"column":16},"end":{"line":53,"column":17}},"loc":{"start":{"line":53,"column":56},"end":{"line":57,"column":17}},"line":53},"8":{"name":"(anonymous_8)","decl":{"start":{"line":71,"column":42},"end":{"line":71,"column":43}},"loc":{"start":{"line":74,"column":36},"end":{"line":77,"column":38}},"line":74},"9":{"name":"(anonymous_9)","decl":{"start":{"line":88,"column":38},"end":{"line":88,"column":39}},"loc":{"start":{"line":90,"column":33},"end":{"line":95,"column":29}},"line":90},"10":{"name":"(anonymous_10)","decl":{"start":{"line":103,"column":34},"end":{"line":103,"column":35}},"loc":{"start":{"line":104,"column":28},"end":{"line":104,"column":76}},"line":104},"11":{"name":"(anonymous_11)","decl":{"start":{"line":111,"column":42},"end":{"line":111,"column":43}},"loc":{"start":{"line":112,"column":20},"end":{"line":120,"column":36}},"line":112},"12":{"name":"(anonymous_12)","decl":{"start":{"line":127,"column":29},"end":{"line":127,"column":30}},"loc":{"start":{"line":127,"column":35},"end":{"line":144,"column":21}},"line":127},"13":{"name":"(anonymous_13)","decl":{"start":{"line":153,"column":37},"end":{"line":153,"column":38}},"loc":{"start":{"line":153,"column":43},"end":{"line":156,"column":29}},"line":153},"14":{"name":"(anonymous_14)","decl":{"start":{"line":166,"column":33},"end":{"line":166,"column":34}},"loc":{"start":{"line":166,"column":39},"end":{"line":169,"column":25}},"line":166}},"branchMap":{"0":{"loc":{"start":{"line":30,"column":12},"end":{"line":30,"column":68}},"type":"cond-expr","locations":[{"start":{"line":30,"column":41},"end":{"line":30,"column":57}},{"start":{"line":30,"column":60},"end":{"line":30,"column":68}}],"line":30},"1":{"loc":{"start":{"line":54,"column":20},"end":{"line":54,"column":72}},"type":"if","locations":[{"start":{"line":54,"column":20},"end":{"line":54,"column":72}},{"start":{},"end":{}}],"line":54},"2":{"loc":{"start":{"line":55,"column":20},"end":{"line":56,"column":33}},"type":"if","locations":[{"start":{"line":55,"column":20},"end":{"line":56,"column":33}},{"start":{"line":56,"column":25},"end":{"line":56,"column":33}}],"line":55}},"s":{"0":2,"1":13,"2":13,"3":2,"4":8,"5":13,"6":0,"7":0,"8":13,"9":5,"10":5,"11":5,"12":5,"13":13,"14":2,"15":8,"16":2,"17":6,"18":2,"19":4,"20":13,"21":0,"22":2,"23":0,"24":54,"25":1,"26":5,"27":5,"28":1,"29":1},"f":{"0":13,"1":2,"2":8,"3":0,"4":0,"5":5,"6":2,"7":8,"8":0,"9":2,"10":0,"11":54,"12":1,"13":5,"14":1},"b":{"0":[2,6],"1":[2,6],"2":[2,4]},"_coverageSchema":"1a1c01bbd47fc00a2c39e90264f33305004495a9","hash":"9fa6436945059d96f7a06b4e40450096578bd1ad"}
,"C:\\Users\\avide\\Documents\\School Code\\CISC 275\\quiz-application\\src\\quizzer\\QuizExpanded.tsx": {"path":"C:\\Users\\avide\\Documents\\School Code\\CISC 275\\quiz-application\\src\\quizzer\\QuizExpanded.tsx","statementMap":{"0":{"start":{"line":18,"column":28},"end":{"line":122,"column":1}},"1":{"start":{"line":24,"column":30},"end":{"line":27,"column":5}},"2":{"start":{"line":26,"column":12},"end":{"line":26,"column":62}},"3":{"start":{"line":29,"column":20},"end":{"line":29,"column":39}},"4":{"start":{"line":30,"column":38},"end":{"line":32,"column":5}},"5":{"start":{"line":34,"column":33},"end":{"line":38,"column":5}},"6":{"start":{"line":35,"column":29},"end":{"line":35,"column":43}},"7":{"start":{"line":36,"column":8},"end":{"line":36,"column":44}},"8":{"start":{"line":37,"column":8},"end":{"line":37,"column":35}},"9":{"start":{"line":40,"column":24},"end":{"line":43,"column":5}},"10":{"start":{"line":41,"column":47},"end":{"line":41,"column":62}},"11":{"start":{"line":45,"column":22},"end":{"line":47,"column":5}},"12":{"start":{"line":46,"column":8},"end":{"line":46,"column":41}},"13":{"start":{"line":46,"column":26},"end":{"line":46,"column":39}},"14":{"start":{"line":49,"column":18},"end":{"line":59,"column":5}},"15":{"start":{"line":50,"column":8},"end":{"line":50,"column":58}},"16":{"start":{"line":51,"column":8},"end":{"line":56,"column":11}},"17":{"start":{"line":54,"column":44},"end":{"line":54,"column":68}},"18":{"start":{"line":58,"column":8},"end":{"line":58,"column":14}},"19":{"start":{"line":61,"column":28},"end":{"line":67,"column":5}},"20":{"start":{"line":62,"column":8},"end":{"line":66,"column":11}},"21":{"start":{"line":65,"column":12},"end":{"line":65,"column":87}},"22":{"start":{"line":69,"column":4},"end":{"line":121,"column":6}},"23":{"start":{"line":84,"column":28},"end":{"line":84,"column":36}},"24":{"start":{"line":85,"column":28},"end":{"line":85,"column":41}},"25":{"start":{"line":101,"column":16},"end":{"line":109,"column":32}}},"fnMap":{"0":{"name":"(anonymous_0)","decl":{"start":{"line":18,"column":28},"end":{"line":18,"column":29}},"loc":{"start":{"line":23,"column":25},"end":{"line":122,"column":1}},"line":23},"1":{"name":"(anonymous_1)","decl":{"start":{"line":25,"column":8},"end":{"line":25,"column":9}},"loc":{"start":{"line":26,"column":12},"end":{"line":26,"column":62}},"line":26},"2":{"name":"(anonymous_2)","decl":{"start":{"line":34,"column":33},"end":{"line":34,"column":34}},"loc":{"start":{"line":34,"column":52},"end":{"line":38,"column":5}},"line":34},"3":{"name":"(anonymous_3)","decl":{"start":{"line":41,"column":8},"end":{"line":41,"column":9}},"loc":{"start":{"line":41,"column":47},"end":{"line":41,"column":62}},"line":41},"4":{"name":"(anonymous_4)","decl":{"start":{"line":45,"column":22},"end":{"line":45,"column":23}},"loc":{"start":{"line":45,"column":37},"end":{"line":47,"column":5}},"line":45},"5":{"name":"(anonymous_5)","decl":{"start":{"line":46,"column":11},"end":{"line":46,"column":12}},"loc":{"start":{"line":46,"column":26},"end":{"line":46,"column":39}},"line":46},"6":{"name":"(anonymous_6)","decl":{"start":{"line":49,"column":18},"end":{"line":49,"column":19}},"loc":{"start":{"line":49,"column":24},"end":{"line":59,"column":5}},"line":49},"7":{"name":"(anonymous_7)","decl":{"start":{"line":54,"column":16},"end":{"line":54,"column":17}},"loc":{"start":{"line":54,"column":44},"end":{"line":54,"column":68}},"line":54},"8":{"name":"(anonymous_8)","decl":{"start":{"line":61,"column":28},"end":{"line":61,"column":29}},"loc":{"start":{"line":61,"column":65},"end":{"line":67,"column":5}},"line":61},"9":{"name":"(anonymous_9)","decl":{"start":{"line":64,"column":48},"end":{"line":64,"column":49}},"loc":{"start":{"line":65,"column":12},"end":{"line":65,"column":87}},"line":65},"10":{"name":"(anonymous_10)","decl":{"start":{"line":83,"column":33},"end":{"line":83,"column":34}},"loc":{"start":{"line":83,"column":39},"end":{"line":86,"column":25}},"line":83},"11":{"name":"(anonymous_11)","decl":{"start":{"line":100,"column":35},"end":{"line":100,"column":36}},"loc":{"start":{"line":101,"column":16},"end":{"line":109,"column":32}},"line":101}},"branchMap":{"0":{"loc":{"start":{"line":26,"column":12},"end":{"line":26,"column":62}},"type":"binary-expr","locations":[{"start":{"line":26,"column":13},"end":{"line":26,"column":27}},{"start":{"line":26,"column":31},"end":{"line":26,"column":42}},{"start":{"line":26,"column":47},"end":{"line":26,"column":62}}],"line":26},"1":{"loc":{"start":{"line":65,"column":12},"end":{"line":65,"column":87}},"type":"cond-expr","locations":[{"start":{"line":65,"column":41},"end":{"line":65,"column":71}},{"start":{"line":65,"column":74},"end":{"line":65,"column":87}}],"line":65},"2":{"loc":{"start":{"line":76,"column":25},"end":{"line":76,"column":66}},"type":"cond-expr","locations":[{"start":{"line":76,"column":58},"end":{"line":76,"column":61}},{"start":{"line":76,"column":64},"end":{"line":76,"column":66}}],"line":76}},"s":{"0":2,"1":20,"2":81,"3":20,"4":20,"5":20,"6":2,"7":2,"8":2,"9":20,"10":46,"11":20,"12":2,"13":2,"14":20,"15":7,"16":7,"17":28,"18":7,"19":20,"20":2,"21":8,"22":20,"23":6,"24":6,"25":46},"f":{"0":20,"1":81,"2":2,"3":46,"4":2,"5":2,"6":7,"7":28,"8":2,"9":8,"10":6,"11":46},"b":{"0":[81,72,44],"1":[2,6],"2":[20,0]},"_coverageSchema":"1a1c01bbd47fc00a2c39e90264f33305004495a9","hash":"c459d674625a2a4c5d413a1ffdac9966fcab3ffe"}
,"C:\\Users\\avide\\Documents\\School Code\\CISC 275\\quiz-application\\src\\quizzer\\QuizList.tsx": {"path":"C:\\Users\\avide\\Documents\\School Code\\CISC 275\\quiz-application\\src\\quizzer\\QuizList.tsx","statementMap":{"0":{"start":{"line":15,"column":24},"end":{"line":63,"column":1}},"1":{"start":{"line":21,"column":38},"end":{"line":21,"column":67}},"2":{"start":{"line":23,"column":27},"end":{"line":25,"column":5}},"3":{"start":{"line":24,"column":8},"end":{"line":24,"column":25}},"4":{"start":{"line":27,"column":26},"end":{"line":29,"column":5}},"5":{"start":{"line":28,"column":8},"end":{"line":28,"column":27}},"6":{"start":{"line":31,"column":4},"end":{"line":62,"column":6}},"7":{"start":{"line":36,"column":24},"end":{"line":40,"column":36}},"8":{"start":{"line":48,"column":16},"end":{"line":58,"column":17}},"9":{"start":{"line":49,"column":20},"end":{"line":57,"column":22}},"10":{"start":{"line":59,"column":16},"end":{"line":59,"column":28}}},"fnMap":{"0":{"name":"(anonymous_0)","decl":{"start":{"line":15,"column":24},"end":{"line":15,"column":25}},"loc":{"start":{"line":20,"column":21},"end":{"line":63,"column":1}},"line":20},"1":{"name":"(anonymous_1)","decl":{"start":{"line":23,"column":27},"end":{"line":23,"column":28}},"loc":{"start":{"line":23,"column":43},"end":{"line":25,"column":5}},"line":23},"2":{"name":"(anonymous_2)","decl":{"start":{"line":27,"column":26},"end":{"line":27,"column":27}},"loc":{"start":{"line":27,"column":32},"end":{"line":29,"column":5}},"line":27},"3":{"name":"(anonymous_3)","decl":{"start":{"line":35,"column":33},"end":{"line":35,"column":34}},"loc":{"start":{"line":36,"column":24},"end":{"line":40,"column":36}},"line":36},"4":{"name":"(anonymous_4)","decl":{"start":{"line":47,"column":25},"end":{"line":47,"column":26}},"loc":{"start":{"line":47,"column":41},"end":{"line":60,"column":13}},"line":47}},"branchMap":{"0":{"loc":{"start":{"line":33,"column":13},"end":{"line":46,"column":13}},"type":"binary-expr","locations":[{"start":{"line":33,"column":13},"end":{"line":33,"column":23}},{"start":{"line":34,"column":16},"end":{"line":45,"column":19}}],"line":33},"1":{"loc":{"start":{"line":48,"column":16},"end":{"line":58,"column":17}},"type":"if","locations":[{"start":{"line":48,"column":16},"end":{"line":58,"column":17}},{"start":{},"end":{}}],"line":48}},"s":{"0":2,"1":42,"2":42,"3":10,"4":42,"5":1,"6":42,"7":90,"8":210,"9":24,"10":186},"f":{"0":42,"1":10,"2":1,"3":90,"4":210},"b":{"0":[42,18],"1":[24,186]},"_coverageSchema":"1a1c01bbd47fc00a2c39e90264f33305004495a9","hash":"5b4914e4b0a0f6793d8c79ed3b482344f551c97e"}
,"C:\\Users\\avide\\Documents\\School Code\\CISC 275\\quiz-application\\src\\quizzer\\QuizQuestion.tsx": {"path":"C:\\Users\\avide\\Documents\\School Code\\CISC 275\\quiz-application\\src\\quizzer\\QuizQuestion.tsx","statementMap":{"0":{"start":{"line":17,"column":28},"end":{"line":95,"column":1}},"1":{"start":{"line":25,"column":24},"end":{"line":29,"column":5}},"2":{"start":{"line":26,"column":8},"end":{"line":28,"column":9}},"3":{"start":{"line":27,"column":12},"end":{"line":27,"column":57}},"4":{"start":{"line":31,"column":30},"end":{"line":36,"column":5}},"5":{"start":{"line":32,"column":8},"end":{"line":32,"column":28}},"6":{"start":{"line":33,"column":8},"end":{"line":35,"column":9}},"7":{"start":{"line":34,"column":12},"end":{"line":34,"column":25}},"8":{"start":{"line":38,"column":4},"end":{"line":94,"column":6}},"9":{"start":{"line":64,"column":36},"end":{"line":72,"column":38}}},"fnMap":{"0":{"name":"(anonymous_0)","decl":{"start":{"line":17,"column":28},"end":{"line":17,"column":29}},"loc":{"start":{"line":24,"column":25},"end":{"line":95,"column":1}},"line":24},"1":{"name":"(anonymous_1)","decl":{"start":{"line":25,"column":24},"end":{"line":25,"column":25}},"loc":{"start":{"line":25,"column":44},"end":{"line":29,"column":5}},"line":25},"2":{"name":"(anonymous_2)","decl":{"start":{"line":31,"column":30},"end":{"line":31,"column":31}},"loc":{"start":{"line":31,"column":36},"end":{"line":36,"column":5}},"line":31},"3":{"name":"(anonymous_3)","decl":{"start":{"line":63,"column":32},"end":{"line":63,"column":33}},"loc":{"start":{"line":64,"column":36},"end":{"line":72,"column":38}},"line":64}},"branchMap":{"0":{"loc":{"start":{"line":26,"column":8},"end":{"line":28,"column":9}},"type":"if","locations":[{"start":{"line":26,"column":8},"end":{"line":28,"column":9}},{"start":{},"end":{}}],"line":26},"1":{"loc":{"start":{"line":33,"column":8},"end":{"line":35,"column":9}},"type":"if","locations":[{"start":{"line":33,"column":8},"end":{"line":35,"column":9}},{"start":{},"end":{}}],"line":33},"2":{"loc":{"start":{"line":47,"column":45},"end":{"line":47,"column":77}},"type":"cond-expr","locations":[{"start":{"line":47,"column":69},"end":{"line":47,"column":72}},{"start":{"line":47,"column":75},"end":{"line":47,"column":77}}],"line":47},"3":{"loc":{"start":{"line":51,"column":21},"end":{"line":59,"column":21}},"type":"binary-expr","locations":[{"start":{"line":51,"column":21},"end":{"line":51,"column":62}},{"start":{"line":52,"column":24},"end":{"line":58,"column":37}}],"line":51},"4":{"loc":{"start":{"line":60,"column":21},"end":{"line":76,"column":21}},"type":"binary-expr","locations":[{"start":{"line":60,"column":21},"end":{"line":60,"column":65}},{"start":{"line":61,"column":24},"end":{"line":75,"column":30}}],"line":60},"5":{"loc":{"start":{"line":78,"column":39},"end":{"line":78,"column":64}},"type":"cond-expr","locations":[{"start":{"line":78,"column":51},"end":{"line":78,"column":53}},{"start":{"line":78,"column":56},"end":{"line":78,"column":64}}],"line":78},"6":{"loc":{"start":{"line":79,"column":29},"end":{"line":81,"column":37}},"type":"cond-expr","locations":[{"start":{"line":80,"column":34},"end":{"line":80,"column":38}},{"start":{"line":81,"column":34},"end":{"line":81,"column":37}}],"line":79}},"s":{"0":2,"1":46,"2":2,"3":2,"4":46,"5":2,"6":2,"7":2,"8":46,"9":72},"f":{"0":46,"1":2,"2":2,"3":72},"b":{"0":[2,0],"1":[2,0],"2":[3,43],"3":[46,22],"4":[46,24],"5":[2,44],"6":[4,42]},"_coverageSchema":"1a1c01bbd47fc00a2c39e90264f33305004495a9","hash":"4fc137063f118da65f5c60f7d10467e5b50ac346"}
,"C:\\Users\\avide\\Documents\\School Code\\CISC 275\\quiz-application\\src\\quizzer\\QuizView.tsx": {"path":"C:\\Users\\avide\\Documents\\School Code\\CISC 275\\quiz-application\\src\\quizzer\\QuizView.tsx","statementMap":{"0":{"start":{"line":15,"column":24},"end":{"line":48,"column":1}},"1":{"start":{"line":21,"column":28},"end":{"line":21,"column":43}},"2":{"start":{"line":23,"column":23},"end":{"line":25,"column":5}},"3":{"start":{"line":24,"column":8},"end":{"line":24,"column":23}},"4":{"start":{"line":27,"column":4},"end":{"line":47,"column":6}}},"fnMap":{"0":{"name":"(anonymous_0)","decl":{"start":{"line":15,"column":24},"end":{"line":15,"column":25}},"loc":{"start":{"line":20,"column":21},"end":{"line":48,"column":1}},"line":20},"1":{"name":"(anonymous_1)","decl":{"start":{"line":23,"column":23},"end":{"line":23,"column":24}},"loc":{"start":{"line":23,"column":29},"end":{"line":25,"column":5}},"line":23}},"branchMap":{"0":{"loc":{"start":{"line":29,"column":13},"end":{"line":37,"column":13}},"type":"binary-expr","locations":[{"start":{"line":29,"column":13},"end":{"line":29,"column":17}},{"start":{"line":30,"column":16},"end":{"line":36,"column":28}}],"line":29},"1":{"loc":{"start":{"line":38,"column":13},"end":{"line":45,"column":13}},"type":"binary-expr","locations":[{"start":{"line":38,"column":13},"end":{"line":38,"column":18}},{"start":{"line":39,"column":16},"end":{"line":44,"column":32}}],"line":38}},"s":{"0":2,"1":24,"2":24,"3":11,"4":24},"f":{"0":24,"1":11},"b":{"0":[24,6],"1":[24,18]},"_coverageSchema":"1a1c01bbd47fc00a2c39e90264f33305004495a9","hash":"36c5fad470a9fcf75c1a571ddce4f646c42aed1f"}
,"C:\\Users\\avide\\Documents\\School Code\\CISC 275\\quiz-application\\src\\quizzer\\Quizzer.tsx": {"path":"C:\\Users\\avide\\Documents\\School Code\\CISC 275\\quiz-application\\src\\quizzer\\Quizzer.tsx","statementMap":{"0":{"start":{"line":10,"column":16},"end":{"line":21,"column":1}},"1":{"start":{"line":11,"column":21},"end":{"line":20,"column":5}},"2":{"start":{"line":14,"column":30},"end":{"line":18,"column":13}},"3":{"start":{"line":23,"column":23},"end":{"line":109,"column":1}},"4":{"start":{"line":24,"column":34},"end":{"line":24,"column":59}},"5":{"start":{"line":25,"column":44},"end":{"line":25,"column":59}},"6":{"start":{"line":28,"column":8},"end":{"line":30,"column":10}},"7":{"start":{"line":29,"column":44},"end":{"line":29,"column":70}},"8":{"start":{"line":34,"column":30},"end":{"line":34,"column":112}},"9":{"start":{"line":35,"column":8},"end":{"line":35,"column":42}},"10":{"start":{"line":39,"column":8},"end":{"line":39,"column":71}},"11":{"start":{"line":39,"column":56},"end":{"line":39,"column":68}},"12":{"start":{"line":42,"column":28},"end":{"line":42,"column":55}},"13":{"start":{"line":42,"column":34},"end":{"line":42,"column":55}},"14":{"start":{"line":43,"column":29},"end":{"line":43,"column":57}},"15":{"start":{"line":43,"column":35},"end":{"line":43,"column":57}},"16":{"start":{"line":45,"column":4},"end":{"line":108,"column":6}}},"fnMap":{"0":{"name":"(anonymous_0)","decl":{"start":{"line":11,"column":4},"end":{"line":11,"column":5}},"loc":{"start":{"line":11,"column":21},"end":{"line":20,"column":5}},"line":11},"1":{"name":"(anonymous_1)","decl":{"start":{"line":14,"column":12},"end":{"line":14,"column":13}},"loc":{"start":{"line":14,"column":30},"end":{"line":18,"column":13}},"line":14},"2":{"name":"(anonymous_2)","decl":{"start":{"line":23,"column":23},"end":{"line":23,"column":24}},"loc":{"start":{"line":23,"column":29},"end":{"line":109,"column":1}},"line":23},"3":{"name":"editQuiz","decl":{"start":{"line":27,"column":13},"end":{"line":27,"column":21}},"loc":{"start":{"line":27,"column":50},"end":{"line":31,"column":5}},"line":27},"4":{"name":"(anonymous_4)","decl":{"start":{"line":29,"column":24},"end":{"line":29,"column":25}},"loc":{"start":{"line":29,"column":44},"end":{"line":29,"column":70}},"line":29},"5":{"name":"addQuiz","decl":{"start":{"line":33,"column":13},"end":{"line":33,"column":20}},"loc":{"start":{"line":33,"column":50},"end":{"line":36,"column":5}},"line":33},"6":{"name":"deleteQuiz","decl":{"start":{"line":38,"column":13},"end":{"line":38,"column":23}},"loc":{"start":{"line":38,"column":37},"end":{"line":40,"column":5}},"line":38},"7":{"name":"(anonymous_7)","decl":{"start":{"line":39,"column":34},"end":{"line":39,"column":35}},"loc":{"start":{"line":39,"column":56},"end":{"line":39,"column":68}},"line":39},"8":{"name":"(anonymous_8)","decl":{"start":{"line":42,"column":28},"end":{"line":42,"column":29}},"loc":{"start":{"line":42,"column":34},"end":{"line":42,"column":55}},"line":42},"9":{"name":"(anonymous_9)","decl":{"start":{"line":43,"column":29},"end":{"line":43,"column":30}},"loc":{"start":{"line":43,"column":35},"end":{"line":43,"column":57}},"line":43}},"branchMap":{"0":{"loc":{"start":{"line":29,"column":44},"end":{"line":29,"column":70}},"type":"cond-expr","locations":[{"start":{"line":29,"column":59},"end":{"line":29,"column":66}},{"start":{"line":29,"column":69},"end":{"line":29,"column":70}}],"line":29}},"s":{"0":2,"1":10,"2":40,"3":2,"4":33,"5":32,"6":14,"7":70,"8":1,"9":1,"10":1,"11":5,"12":32,"13":1,"14":32,"15":1,"16":32},"f":{"0":10,"1":40,"2":33,"3":14,"4":70,"5":1,"6":1,"7":5,"8":1,"9":1},"b":{"0":[14,56]},"_coverageSchema":"1a1c01bbd47fc00a2c39e90264f33305004495a9","hash":"46e7b3559147cee174838461226130765fdf7fa3"}
}
