TN:
SF:src\App.tsx
FN:7,App
FN:15,(anonymous_1)
FNF:2
FNH:1
FNDA:1,App
FNDA:0,(anonymous_1)
DA:8,1
DA:10,1
DA:16,0
LF:3
LH:2
BRDA:19,0,0,1
BRDA:19,0,1,0
BRDA:22,1,0,1
BRDA:22,1,1,0
BRF:4
BRH:2
end_of_record
TN:
SF:src\interfaces\question.ts
FNF:0
FNH:0
LF:0
LH:0
BRF:0
BRH:0
end_of_record
TN:
SF:src\interfaces\quiz.ts
FNF:0
FNH:0
LF:0
LH:0
BRF:0
BRH:0
end_of_record
TN:
SF:src\quizzer\AddQuizModal.tsx
FN:10,(anonymous_0)
FN:18,(anonymous_1)
FN:36,(anonymous_2)
FN:45,(anonymous_3)
FN:53,(anonymous_4)
FNF:5
FNH:2
FNDA:26,(anonymous_0)
FNDA:1,(anonymous_1)
FNDA:0,(anonymous_2)
FNDA:0,(anonymous_3)
FNDA:0,(anonymous_4)
DA:10,2
DA:15,26
DA:16,26
DA:18,26
DA:19,1
DA:20,1
DA:21,1
DA:22,1
DA:25,26
DA:38,0
DA:46,0
DA:54,0
DA:55,0
DA:56,0
LF:14
LH:9
BRF:0
BRH:0
end_of_record
TN:
SF:src\quizzer\QuestionEdit.tsx
FN:16,(anonymous_0)
FN:25,(anonymous_1)
FN:28,(anonymous_2)
FN:40,(anonymous_3)
FN:50,(anonymous_4)
FN:55,(anonymous_5)
FN:68,(anonymous_6)
FN:93,(anonymous_7)
FN:166,(anonymous_8)
FN:181,(anonymous_9)
FN:200,(anonymous_10)
FN:220,(anonymous_11)
FN:229,(anonymous_12)
FN:245,(anonymous_13)
FN:254,(anonymous_14)
FNF:15
FNH:0
FNDA:0,(anonymous_0)
FNDA:0,(anonymous_1)
FNDA:0,(anonymous_2)
FNDA:0,(anonymous_3)
FNDA:0,(anonymous_4)
FNDA:0,(anonymous_5)
FNDA:0,(anonymous_6)
FNDA:0,(anonymous_7)
FNDA:0,(anonymous_8)
FNDA:0,(anonymous_9)
FNDA:0,(anonymous_10)
FNDA:0,(anonymous_11)
FNDA:0,(anonymous_12)
FNDA:0,(anonymous_13)
FNDA:0,(anonymous_14)
DA:16,2
DA:24,0
DA:25,0
DA:28,0
DA:29,0
DA:31,0
DA:32,0
DA:40,0
DA:41,0
DA:42,0
DA:50,0
DA:51,0
DA:52,0
DA:55,0
DA:59,0
DA:60,0
DA:61,0
DA:68,0
DA:69,0
DA:70,0
DA:71,0
DA:79,0
DA:96,0
DA:169,0
DA:182,0
DA:203,0
DA:221,0
DA:230,0
DA:246,0
DA:255,0
LF:30
LH:1
BRDA:31,0,0,0
BRDA:31,0,1,0
BRDA:64,1,0,0
BRDA:64,1,1,0
BRDA:115,2,0,0
BRDA:115,2,1,0
BRDA:146,3,0,0
BRDA:146,3,1,0
BRDA:161,4,0,0
BRDA:161,4,1,0
BRDA:177,5,0,0
BRDA:177,5,1,0
BRF:12
BRH:0
end_of_record
TN:
SF:src\quizzer\QuizCard.tsx
FN:12,(anonymous_0)
FN:17,(anonymous_1)
FN:26,(anonymous_2)
FNF:3
FNH:3
FNDA:86,(anonymous_0)
FNDA:340,(anonymous_1)
FNDA:10,(anonymous_2)
DA:12,2
DA:16,86
DA:18,340
DA:21,86
DA:27,10
LF:5
LH:5
BRDA:18,0,0,340
BRDA:18,0,1,289
BRDA:18,0,2,153
BRDA:34,1,0,86
BRDA:34,1,1,0
BRF:5
BRH:4
end_of_record
TN:
SF:src\quizzer\QuizEdit.tsx
FN:17,(anonymous_0)
FN:26,(anonymous_1)
FN:29,(anonymous_2)
FN:34,(anonymous_3)
FN:37,(anonymous_4)
FN:42,(anonymous_5)
FN:49,(anonymous_6)
FN:53,(anonymous_7)
FN:71,(anonymous_8)
FN:88,(anonymous_9)
FN:103,(anonymous_10)
FN:111,(anonymous_11)
FN:127,(anonymous_12)
FN:153,(anonymous_13)
FN:166,(anonymous_14)
FNF:15
FNH:0
FNDA:0,(anonymous_0)
FNDA:0,(anonymous_1)
FNDA:0,(anonymous_2)
FNDA:0,(anonymous_3)
FNDA:0,(anonymous_4)
FNDA:0,(anonymous_5)
FNDA:0,(anonymous_6)
FNDA:0,(anonymous_7)
FNDA:0,(anonymous_8)
FNDA:0,(anonymous_9)
FNDA:0,(anonymous_10)
FNDA:0,(anonymous_11)
FNDA:0,(anonymous_12)
FNDA:0,(anonymous_13)
FNDA:0,(anonymous_14)
DA:17,2
DA:24,0
DA:26,0
DA:27,0
DA:30,0
DA:34,0
DA:35,0
DA:38,0
DA:42,0
DA:43,0
DA:44,0
DA:45,0
DA:46,0
DA:49,0
DA:50,0
DA:54,0
DA:55,0
DA:56,0
DA:62,0
DA:74,0
DA:91,0
DA:104,0
DA:112,0
DA:128,0
DA:154,0
DA:155,0
DA:167,0
DA:168,0
LF:28
LH:1
BRDA:30,0,0,0
BRDA:30,0,1,0
BRDA:54,1,0,0
BRDA:54,1,1,0
BRDA:55,2,0,0
BRDA:55,2,1,0
BRF:6
BRH:0
end_of_record
TN:
SF:src\quizzer\QuizExpanded.tsx
FN:16,(anonymous_0)
FN:23,(anonymous_1)
FN:32,(anonymous_2)
FN:39,(anonymous_3)
FN:43,(anonymous_4)
FN:44,(anonymous_5)
FN:47,(anonymous_6)
FN:52,(anonymous_7)
FN:59,(anonymous_8)
FN:62,(anonymous_9)
FN:81,(anonymous_10)
FN:98,(anonymous_11)
FNF:12
FNH:12
FNDA:21,(anonymous_0)
FNDA:84,(anonymous_1)
FNDA:2,(anonymous_2)
FNDA:42,(anonymous_3)
FNDA:2,(anonymous_4)
FNDA:2,(anonymous_5)
FNDA:7,(anonymous_6)
FNDA:28,(anonymous_7)
FNDA:2,(anonymous_8)
FNDA:8,(anonymous_9)
FNDA:6,(anonymous_10)
FNDA:42,(anonymous_11)
DA:16,2
DA:22,21
DA:24,84
DA:27,21
DA:28,21
DA:32,21
DA:33,2
DA:34,2
DA:35,2
DA:38,21
DA:39,42
DA:43,21
DA:44,2
DA:47,21
DA:48,7
DA:49,7
DA:52,28
DA:56,7
DA:59,21
DA:60,2
DA:63,8
DA:67,21
DA:82,6
DA:83,6
DA:99,42
LF:25
LH:25
BRDA:24,0,0,84
BRDA:24,0,1,84
BRDA:24,0,2,42
BRDA:63,1,0,2
BRDA:63,1,1,6
BRDA:74,2,0,21
BRDA:74,2,1,0
BRF:7
BRH:6
end_of_record
TN:
SF:src\quizzer\QuizList.tsx
FN:15,(anonymous_0)
FN:23,(anonymous_1)
FN:27,(anonymous_2)
FN:35,(anonymous_3)
FN:47,(anonymous_4)
FNF:5
FNH:4
FNDA:36,(anonymous_0)
FNDA:10,(anonymous_1)
FNDA:0,(anonymous_2)
FNDA:86,(anonymous_3)
FNDA:181,(anonymous_4)
DA:15,2
DA:21,36
DA:23,36
DA:24,10
DA:27,36
DA:28,0
DA:31,36
DA:36,86
DA:48,181
DA:49,19
DA:59,162
LF:11
LH:10
BRDA:33,0,0,36
BRDA:33,0,1,17
BRDA:48,1,0,19
BRDA:48,1,1,162
BRF:4
BRH:4
end_of_record
TN:
SF:src\quizzer\QuizQuestion.tsx
FN:17,(anonymous_0)
FN:25,(anonymous_1)
FN:31,(anonymous_2)
FN:63,(anonymous_3)
FNF:4
FNH:4
FNDA:42,(anonymous_0)
FNDA:2,(anonymous_1)
FNDA:2,(anonymous_2)
FNDA:63,(anonymous_3)
DA:17,2
DA:25,42
DA:26,2
DA:27,2
DA:31,42
DA:32,2
DA:33,2
DA:34,2
DA:38,42
DA:64,63
LF:10
LH:10
BRDA:26,0,0,2
BRDA:26,0,1,0
BRDA:33,1,0,2
BRDA:33,1,1,0
BRDA:47,2,0,0
BRDA:47,2,1,42
BRDA:51,3,0,42
BRDA:51,3,1,21
BRDA:60,4,0,42
BRDA:60,4,1,21
BRDA:78,5,0,2
BRDA:78,5,1,40
BRDA:79,6,0,4
BRDA:79,6,1,38
BRF:14
BRH:11
end_of_record
TN:
SF:src\quizzer\QuizView.tsx
FN:15,(anonymous_0)
FN:23,(anonymous_1)
FNF:2
FNH:2
FNDA:19,(anonymous_0)
FNDA:6,(anonymous_1)
DA:15,2
DA:21,19
DA:23,19
DA:24,6
DA:27,19
LF:5
LH:5
BRDA:29,0,0,19
BRDA:29,0,1,0
BRDA:38,1,0,19
BRDA:38,1,1,19
BRF:4
BRH:3
end_of_record
TN:
SF:src\quizzer\Quizzer.tsx
FN:11,(anonymous_0)
FN:14,(anonymous_1)
FN:23,(anonymous_2)
FN:27,editQuiz
FN:29,(anonymous_4)
FN:33,addQuiz
FN:38,deleteQuiz
FN:39,(anonymous_7)
FN:42,(anonymous_8)
FN:43,(anonymous_9)
FNF:10
FNH:8
FNDA:10,(anonymous_0)
FNDA:40,(anonymous_1)
FNDA:27,(anonymous_2)
FNDA:9,editQuiz
FNDA:45,(anonymous_4)
FNDA:1,addQuiz
FNDA:0,deleteQuiz
FNDA:0,(anonymous_7)
FNDA:1,(anonymous_8)
FNDA:1,(anonymous_9)
DA:10,2
DA:11,10
DA:14,40
DA:23,2
DA:24,27
DA:25,26
DA:28,9
DA:29,45
DA:34,1
DA:35,1
DA:39,0
DA:42,26
DA:43,26
DA:45,26
LF:14
LH:13
BRDA:29,0,0,9
BRDA:29,0,1,36
BRF:2
BRH:2
end_of_record
