TN:
SF:src\App.tsx
FN:7,App
FN:15,(anonymous_1)
FNF:2
FNH:1
FNDA:1,App
FNDA:0,(anonymous_1)
DA:8,1
DA:10,1
DA:16,0
LF:3
LH:2
BRDA:19,0,0,1
BRDA:19,0,1,0
BRDA:22,1,0,1
BRDA:22,1,1,0
BRF:4
BRH:2
end_of_record
TN:
SF:src\interfaces\question.ts
FNF:0
FNH:0
LF:0
LH:0
BRF:0
BRH:0
end_of_record
TN:
SF:src\interfaces\quiz.ts
FNF:0
FNH:0
LF:0
LH:0
BRF:0
BRH:0
end_of_record
TN:
SF:src\quizzer\AddQuizModal.tsx
FN:10,(anonymous_0)
FN:18,(anonymous_1)
FN:36,(anonymous_2)
FN:45,(anonymous_3)
FN:53,(anonymous_4)
FNF:5
FNH:2
FNDA:32,(anonymous_0)
FNDA:1,(anonymous_1)
FNDA:0,(anonymous_2)
FNDA:0,(anonymous_3)
FNDA:0,(anonymous_4)
DA:10,2
DA:15,32
DA:16,32
DA:18,32
DA:19,1
DA:20,1
DA:21,1
DA:22,1
DA:25,32
DA:38,0
DA:46,0
DA:54,0
DA:55,0
DA:56,0
LF:14
LH:9
BRF:0
BRH:0
end_of_record
TN:
SF:src\quizzer\QuestionEdit.tsx
FN:17,(anonymous_0)
FN:26,(anonymous_1)
FN:29,(anonymous_2)
FN:41,(anonymous_3)
FN:51,(anonymous_4)
FN:56,(anonymous_5)
FN:69,(anonymous_6)
FN:94,(anonymous_7)
FN:167,(anonymous_8)
FN:182,(anonymous_9)
FN:201,(anonymous_10)
FN:221,(anonymous_11)
FN:230,(anonymous_12)
FN:246,(anonymous_13)
FN:255,(anonymous_14)
FNF:15
FNH:6
FNDA:54,(anonymous_0)
FNDA:53,(anonymous_1)
FNDA:0,(anonymous_2)
FNDA:1,(anonymous_3)
FNDA:0,(anonymous_4)
FNDA:0,(anonymous_5)
FNDA:0,(anonymous_6)
FNDA:0,(anonymous_7)
FNDA:0,(anonymous_8)
FNDA:81,(anonymous_9)
FNDA:0,(anonymous_10)
FNDA:2,(anonymous_11)
FNDA:0,(anonymous_12)
FNDA:1,(anonymous_13)
FNDA:0,(anonymous_14)
DA:17,2
DA:25,54
DA:26,53
DA:29,54
DA:30,0
DA:32,0
DA:33,0
DA:41,54
DA:42,1
DA:43,1
DA:51,54
DA:52,0
DA:53,0
DA:56,54
DA:60,0
DA:61,0
DA:62,0
DA:69,54
DA:70,0
DA:71,0
DA:72,0
DA:80,54
DA:97,0
DA:170,0
DA:183,81
DA:204,0
DA:222,2
DA:231,0
DA:247,1
DA:256,0
LF:30
LH:14
BRDA:32,0,0,0
BRDA:32,0,1,0
BRDA:65,1,0,0
BRDA:65,1,1,0
BRDA:116,2,0,13
BRDA:116,2,1,41
BRDA:147,3,0,54
BRDA:147,3,1,27
BRDA:162,4,0,54
BRDA:162,4,1,27
BRDA:178,5,0,54
BRDA:178,5,1,27
BRF:12
BRH:8
end_of_record
TN:
SF:src\quizzer\QuizCard.tsx
FN:12,(anonymous_0)
FN:17,(anonymous_1)
FN:26,(anonymous_2)
FNF:3
FNH:3
FNDA:90,(anonymous_0)
FNDA:356,(anonymous_1)
FNDA:10,(anonymous_2)
DA:12,2
DA:16,90
DA:18,356
DA:21,90
DA:27,10
LF:5
LH:5
BRDA:18,0,0,356
BRDA:18,0,1,302
BRDA:18,0,2,160
BRDA:34,1,0,90
BRDA:34,1,1,0
BRF:5
BRH:4
end_of_record
TN:
SF:src\quizzer\QuizEdit.tsx
FN:17,(anonymous_0)
FN:26,(anonymous_1)
FN:29,(anonymous_2)
FN:34,(anonymous_3)
FN:37,(anonymous_4)
FN:42,(anonymous_5)
FN:49,(anonymous_6)
FN:53,(anonymous_7)
FN:71,(anonymous_8)
FN:88,(anonymous_9)
FN:103,(anonymous_10)
FN:111,(anonymous_11)
FN:127,(anonymous_12)
FN:153,(anonymous_13)
FN:166,(anonymous_14)
FNF:15
FNH:11
FNDA:13,(anonymous_0)
FNDA:2,(anonymous_1)
FNDA:8,(anonymous_2)
FNDA:0,(anonymous_3)
FNDA:0,(anonymous_4)
FNDA:5,(anonymous_5)
FNDA:2,(anonymous_6)
FNDA:8,(anonymous_7)
FNDA:0,(anonymous_8)
FNDA:2,(anonymous_9)
FNDA:0,(anonymous_10)
FNDA:54,(anonymous_11)
FNDA:1,(anonymous_12)
FNDA:5,(anonymous_13)
FNDA:1,(anonymous_14)
DA:17,2
DA:24,13
DA:26,13
DA:27,2
DA:30,8
DA:34,13
DA:35,0
DA:38,0
DA:42,13
DA:43,5
DA:44,5
DA:45,5
DA:46,5
DA:49,13
DA:50,2
DA:54,8
DA:55,6
DA:56,4
DA:62,13
DA:74,0
DA:91,2
DA:104,0
DA:112,54
DA:128,1
DA:154,5
DA:155,5
DA:167,1
DA:168,1
LF:28
LH:24
BRDA:30,0,0,2
BRDA:30,0,1,6
BRDA:54,1,0,2
BRDA:54,1,1,6
BRDA:55,2,0,2
BRDA:55,2,1,4
BRF:6
BRH:6
end_of_record
TN:
SF:src\quizzer\QuizExpanded.tsx
FN:18,(anonymous_0)
FN:25,(anonymous_1)
FN:34,(anonymous_2)
FN:41,(anonymous_3)
FN:45,(anonymous_4)
FN:46,(anonymous_5)
FN:49,(anonymous_6)
FN:54,(anonymous_7)
FN:61,(anonymous_8)
FN:64,(anonymous_9)
FN:83,(anonymous_10)
FN:100,(anonymous_11)
FNF:12
FNH:12
FNDA:20,(anonymous_0)
FNDA:81,(anonymous_1)
FNDA:2,(anonymous_2)
FNDA:46,(anonymous_3)
FNDA:2,(anonymous_4)
FNDA:2,(anonymous_5)
FNDA:7,(anonymous_6)
FNDA:28,(anonymous_7)
FNDA:2,(anonymous_8)
FNDA:8,(anonymous_9)
FNDA:6,(anonymous_10)
FNDA:46,(anonymous_11)
DA:18,2
DA:24,20
DA:26,81
DA:29,20
DA:30,20
DA:34,20
DA:35,2
DA:36,2
DA:37,2
DA:40,20
DA:41,46
DA:45,20
DA:46,2
DA:49,20
DA:50,7
DA:51,7
DA:54,28
DA:58,7
DA:61,20
DA:62,2
DA:65,8
DA:69,20
DA:84,6
DA:85,6
DA:101,46
LF:25
LH:25
BRDA:26,0,0,81
BRDA:26,0,1,72
BRDA:26,0,2,44
BRDA:65,1,0,2
BRDA:65,1,1,6
BRDA:76,2,0,20
BRDA:76,2,1,0
BRF:7
BRH:6
end_of_record
TN:
SF:src\quizzer\QuizList.tsx
FN:15,(anonymous_0)
FN:23,(anonymous_1)
FN:27,(anonymous_2)
FN:35,(anonymous_3)
FN:47,(anonymous_4)
FNF:5
FNH:5
FNDA:42,(anonymous_0)
FNDA:10,(anonymous_1)
FNDA:1,(anonymous_2)
FNDA:90,(anonymous_3)
FNDA:210,(anonymous_4)
DA:15,2
DA:21,42
DA:23,42
DA:24,10
DA:27,42
DA:28,1
DA:31,42
DA:36,90
DA:48,210
DA:49,24
DA:59,186
LF:11
LH:11
BRDA:33,0,0,42
BRDA:33,0,1,18
BRDA:48,1,0,24
BRDA:48,1,1,186
BRF:4
BRH:4
end_of_record
TN:
SF:src\quizzer\QuizQuestion.tsx
FN:17,(anonymous_0)
FN:25,(anonymous_1)
FN:31,(anonymous_2)
FN:63,(anonymous_3)
FNF:4
FNH:4
FNDA:46,(anonymous_0)
FNDA:2,(anonymous_1)
FNDA:2,(anonymous_2)
FNDA:72,(anonymous_3)
DA:17,2
DA:25,46
DA:26,2
DA:27,2
DA:31,46
DA:32,2
DA:33,2
DA:34,2
DA:38,46
DA:64,72
LF:10
LH:10
BRDA:26,0,0,2
BRDA:26,0,1,0
BRDA:33,1,0,2
BRDA:33,1,1,0
BRDA:47,2,0,3
BRDA:47,2,1,43
BRDA:51,3,0,46
BRDA:51,3,1,22
BRDA:60,4,0,46
BRDA:60,4,1,24
BRDA:78,5,0,2
BRDA:78,5,1,44
BRDA:79,6,0,4
BRDA:79,6,1,42
BRF:14
BRH:12
end_of_record
TN:
SF:src\quizzer\QuizView.tsx
FN:15,(anonymous_0)
FN:23,(anonymous_1)
FNF:2
FNH:2
FNDA:24,(anonymous_0)
FNDA:11,(anonymous_1)
DA:15,2
DA:21,24
DA:23,24
DA:24,11
DA:27,24
LF:5
LH:5
BRDA:29,0,0,24
BRDA:29,0,1,6
BRDA:38,1,0,24
BRDA:38,1,1,18
BRF:4
BRH:4
end_of_record
TN:
SF:src\quizzer\Quizzer.tsx
FN:11,(anonymous_0)
FN:14,(anonymous_1)
FN:23,(anonymous_2)
FN:27,editQuiz
FN:29,(anonymous_4)
FN:33,addQuiz
FN:38,deleteQuiz
FN:39,(anonymous_7)
FN:42,(anonymous_8)
FN:43,(anonymous_9)
FNF:10
FNH:10
FNDA:10,(anonymous_0)
FNDA:40,(anonymous_1)
FNDA:33,(anonymous_2)
FNDA:14,editQuiz
FNDA:70,(anonymous_4)
FNDA:1,addQuiz
FNDA:1,deleteQuiz
FNDA:5,(anonymous_7)
FNDA:1,(anonymous_8)
FNDA:1,(anonymous_9)
DA:10,2
DA:11,10
DA:14,40
DA:23,2
DA:24,33
DA:25,32
DA:28,14
DA:29,70
DA:34,1
DA:35,1
DA:39,5
DA:42,32
DA:43,32
DA:45,32
LF:14
LH:14
BRDA:29,0,0,14
BRDA:29,0,1,56
BRF:2
BRH:2
end_of_record
